2014/04/29 17:47:58 [trace] [system.CModule] Loading "log" application component
in /var/www/jiaoyou/index.php (18)
2014/04/29 17:47:58 [trace] [system.CModule] Loading "request" application component
in /var/www/jiaoyou/index.php (18)
2014/04/29 17:47:58 [trace] [system.CModule] Loading "urlManager" application component
in /var/www/jiaoyou/index.php (18)
2014/04/29 17:47:58 [trace] [system.base.CModule] Loading "auth" module
in /var/www/jiaoyou/index.php (18)
2014/04/29 17:47:58 [trace] [system.CModule] Loading "log" application component
in /var/www/jiaoyou/index.php (18)
2014/04/29 17:47:58 [trace] [system.CModule] Loading "request" application component
in /var/www/jiaoyou/index.php (18)
2014/04/29 17:47:58 [trace] [system.CModule] Loading "urlManager" application component
in /var/www/jiaoyou/index.php (18)
2014/04/29 17:47:58 [trace] [system.base.CModule] Loading "auth" module
in /var/www/jiaoyou/index.php (18)
2014/04/29 17:49:54 [trace] [system.CModule] Loading "log" application component
in /var/www/jiaoyou/index.php (18)
2014/04/29 17:49:54 [trace] [system.CModule] Loading "request" application component
in /var/www/jiaoyou/index.php (18)
2014/04/29 17:49:54 [trace] [system.CModule] Loading "urlManager" application component
in /var/www/jiaoyou/index.php (18)
2014/04/29 17:49:54 [trace] [system.base.CModule] Loading "auth" module
in /var/www/jiaoyou/index.php (18)
2014/04/29 17:49:54 [trace] [system.CModule] Loading "log" application component
in /var/www/jiaoyou/index.php (18)
2014/04/29 17:49:54 [trace] [system.CModule] Loading "request" application component
in /var/www/jiaoyou/index.php (18)
2014/04/29 17:49:54 [trace] [system.CModule] Loading "urlManager" application component
in /var/www/jiaoyou/index.php (18)
2014/04/29 17:49:54 [trace] [system.base.CModule] Loading "auth" module
in /var/www/jiaoyou/index.php (18)
2014/04/29 17:50:26 [trace] [system.CModule] Loading "log" application component
in /var/www/jiaoyou/index.php (18)
2014/04/29 17:50:26 [trace] [system.CModule] Loading "request" application component
in /var/www/jiaoyou/index.php (18)
2014/04/29 17:50:26 [trace] [system.CModule] Loading "urlManager" application component
in /var/www/jiaoyou/index.php (18)
2014/04/29 17:50:26 [trace] [system.base.CModule] Loading "auth" module
in /var/www/jiaoyou/index.php (18)
2014/04/29 17:50:26 [trace] [system.CModule] Loading "log" application component
in /var/www/jiaoyou/index.php (18)
2014/04/29 17:50:26 [trace] [system.CModule] Loading "request" application component
in /var/www/jiaoyou/index.php (18)
2014/04/29 17:50:26 [trace] [system.CModule] Loading "urlManager" application component
in /var/www/jiaoyou/index.php (18)
2014/04/29 17:50:26 [trace] [system.base.CModule] Loading "auth" module
in /var/www/jiaoyou/index.php (18)
2014/04/29 17:50:26 [trace] [system.CModule] Loading "log" application component
in /var/www/jiaoyou/index.php (18)
2014/04/29 17:50:26 [trace] [system.CModule] Loading "request" application component
in /var/www/jiaoyou/index.php (18)
2014/04/29 17:50:26 [trace] [system.CModule] Loading "urlManager" application component
in /var/www/jiaoyou/index.php (18)
2014/04/29 17:50:26 [trace] [system.base.CModule] Loading "auth" module
in /var/www/jiaoyou/index.php (18)
2014/04/29 17:50:26 [trace] [system.CModule] Loading "log" application component
in /var/www/jiaoyou/index.php (18)
2014/04/29 17:50:26 [trace] [system.CModule] Loading "request" application component
in /var/www/jiaoyou/index.php (18)
2014/04/29 17:50:26 [trace] [system.CModule] Loading "urlManager" application component
in /var/www/jiaoyou/index.php (18)
2014/04/29 17:50:26 [trace] [system.base.CModule] Loading "auth" module
in /var/www/jiaoyou/index.php (18)
2014/04/29 18:13:18 [trace] [system.CModule] Loading "log" application component
in /var/www/jiaoyou/index.php (18)
2014/04/29 18:13:18 [trace] [system.CModule] Loading "request" application component
in /var/www/jiaoyou/index.php (18)
2014/04/29 18:13:18 [trace] [system.CModule] Loading "urlManager" application component
in /var/www/jiaoyou/index.php (18)
2014/04/29 18:13:18 [trace] [system.base.CModule] Loading "home" module
in /var/www/jiaoyou/index.php (18)
2014/04/29 18:13:18 [trace] [system.CModule] Loading "log" application component
in /var/www/jiaoyou/index.php (18)
2014/04/29 18:13:18 [trace] [system.CModule] Loading "request" application component
in /var/www/jiaoyou/index.php (18)
2014/04/29 18:13:18 [trace] [system.CModule] Loading "urlManager" application component
in /var/www/jiaoyou/index.php (18)
2014/04/29 18:13:18 [trace] [system.base.CModule] Loading "home" module
in /var/www/jiaoyou/index.php (18)
2014/04/29 18:13:18 [trace] [system.CModule] Loading "log" application component
in /var/www/jiaoyou/index.php (18)
2014/04/29 18:13:18 [trace] [system.CModule] Loading "request" application component
in /var/www/jiaoyou/index.php (18)
2014/04/29 18:13:18 [trace] [system.CModule] Loading "urlManager" application component
in /var/www/jiaoyou/index.php (18)
2014/04/29 18:13:18 [trace] [system.base.CModule] Loading "auth" module
in /var/www/jiaoyou/index.php (18)
2014/04/29 18:13:18 [trace] [system.CModule] Loading "db" application component
in /var/www/jiaoyou/protected/models/Userdata.php (13)
in /var/www/jiaoyou/protected/modules/auth/controllers/DefaultController.php (19)
in /var/www/jiaoyou/index.php (18)
2014/04/29 18:13:18 [trace] [system.db.CDbCommand] Querying SQL: SHOW COLUMNS FROM `love_userdata`
in /var/www/jiaoyou/protected/models/Userdata.php (13)
in /var/www/jiaoyou/protected/modules/auth/controllers/DefaultController.php (19)
in /var/www/jiaoyou/index.php (18)
2014/04/29 18:13:18 [trace] [system.db.CDbConnection] Opening DB:master connection
in /var/www/jiaoyou/protected/models/Userdata.php (13)
in /var/www/jiaoyou/protected/modules/auth/controllers/DefaultController.php (19)
in /var/www/jiaoyou/index.php (18)
2014/04/29 18:13:18 [trace] [system.CModule] Loading "nameService" application component
in /var/www/jiaoyou/protected/models/Userdata.php (13)
in /var/www/jiaoyou/protected/modules/auth/controllers/DefaultController.php (19)
in /var/www/jiaoyou/index.php (18)
2014/04/29 18:13:18 [trace] [system.db.CDbCommand] Querying SQL: SHOW CREATE TABLE `love_userdata`
in /var/www/jiaoyou/protected/models/Userdata.php (13)
in /var/www/jiaoyou/protected/modules/auth/controllers/DefaultController.php (19)
in /var/www/jiaoyou/index.php (18)
2014/04/29 18:13:18 [trace] [system.db.ar.CActiveRecord] Userdata.find()
in /var/www/jiaoyou/protected/modules/auth/controllers/DefaultController.php (19)
in /var/www/jiaoyou/index.php (18)
2014/04/29 18:13:18 [trace] [system.db.CDbCommand] Querying SQL: SELECT * FROM `love_userdata` `t` WHERE openid='wrong' LIMIT 1
in /var/www/jiaoyou/protected/modules/auth/controllers/DefaultController.php (19)
in /var/www/jiaoyou/index.php (18)
2014/04/29 18:13:18 [trace] [system.CModule] Loading "clientScript" application component
in /var/www/jiaoyou/protected/modules/auth/controllers/DefaultController.php (37)
in /var/www/jiaoyou/protected/modules/auth/controllers/DefaultController.php (23)
in /var/www/jiaoyou/index.php (18)
2014/04/29 18:13:18 [trace] [system.CModule] Loading "log" application component
in /var/www/jiaoyou/index.php (18)
2014/04/29 18:13:18 [trace] [system.CModule] Loading "request" application component
in /var/www/jiaoyou/index.php (18)
2014/04/29 18:13:18 [trace] [system.CModule] Loading "urlManager" application component
in /var/www/jiaoyou/index.php (18)
2014/04/29 18:13:18 [trace] [system.base.CModule] Loading "auth" module
in /var/www/jiaoyou/index.php (18)
2014/04/29 18:13:18 [trace] [system.CModule] Loading "db" application component
in /var/www/jiaoyou/protected/models/Userdata.php (13)
in /var/www/jiaoyou/protected/modules/auth/controllers/DefaultController.php (19)
in /var/www/jiaoyou/index.php (18)
2014/04/29 18:13:18 [trace] [system.db.CDbCommand] Querying SQL: SHOW COLUMNS FROM `love_userdata`
in /var/www/jiaoyou/protected/models/Userdata.php (13)
in /var/www/jiaoyou/protected/modules/auth/controllers/DefaultController.php (19)
in /var/www/jiaoyou/index.php (18)
2014/04/29 18:13:18 [trace] [system.db.CDbConnection] Opening DB:master connection
in /var/www/jiaoyou/protected/models/Userdata.php (13)
in /var/www/jiaoyou/protected/modules/auth/controllers/DefaultController.php (19)
in /var/www/jiaoyou/index.php (18)
2014/04/29 18:13:18 [trace] [system.CModule] Loading "nameService" application component
in /var/www/jiaoyou/protected/models/Userdata.php (13)
in /var/www/jiaoyou/protected/modules/auth/controllers/DefaultController.php (19)
in /var/www/jiaoyou/index.php (18)
2014/04/29 18:13:18 [trace] [system.db.CDbCommand] Querying SQL: SHOW CREATE TABLE `love_userdata`
in /var/www/jiaoyou/protected/models/Userdata.php (13)
in /var/www/jiaoyou/protected/modules/auth/controllers/DefaultController.php (19)
in /var/www/jiaoyou/index.php (18)
2014/04/29 18:13:18 [trace] [system.db.ar.CActiveRecord] Userdata.find()
in /var/www/jiaoyou/protected/modules/auth/controllers/DefaultController.php (19)
in /var/www/jiaoyou/index.php (18)
2014/04/29 18:13:18 [trace] [system.db.CDbCommand] Querying SQL: SELECT * FROM `love_userdata` `t` WHERE openid='wrong' LIMIT 1
in /var/www/jiaoyou/protected/modules/auth/controllers/DefaultController.php (19)
in /var/www/jiaoyou/index.php (18)
2014/04/29 18:13:18 [trace] [system.CModule] Loading "clientScript" application component
in /var/www/jiaoyou/protected/modules/auth/controllers/DefaultController.php (37)
in /var/www/jiaoyou/protected/modules/auth/controllers/DefaultController.php (23)
in /var/www/jiaoyou/index.php (18)
2014/04/29 18:13:22 [trace] [system.CModule] Loading "log" application component
in /var/www/jiaoyou/index.php (18)
2014/04/29 18:13:22 [trace] [system.CModule] Loading "request" application component
in /var/www/jiaoyou/index.php (18)
2014/04/29 18:13:22 [trace] [system.CModule] Loading "urlManager" application component
in /var/www/jiaoyou/index.php (18)
2014/04/29 18:13:22 [trace] [system.base.CModule] Loading "auth" module
in /var/www/jiaoyou/index.php (18)
2014/04/29 18:13:22 [trace] [system.CModule] Loading "db" application component
in /var/www/jiaoyou/protected/models/Userdata.php (13)
in /var/www/jiaoyou/protected/modules/auth/controllers/DefaultController.php (19)
in /var/www/jiaoyou/index.php (18)
2014/04/29 18:13:22 [trace] [system.db.CDbCommand] Querying SQL: SHOW COLUMNS FROM `love_userdata`
in /var/www/jiaoyou/protected/models/Userdata.php (13)
in /var/www/jiaoyou/protected/modules/auth/controllers/DefaultController.php (19)
in /var/www/jiaoyou/index.php (18)
2014/04/29 18:13:22 [trace] [system.db.CDbConnection] Opening DB:master connection
in /var/www/jiaoyou/protected/models/Userdata.php (13)
in /var/www/jiaoyou/protected/modules/auth/controllers/DefaultController.php (19)
in /var/www/jiaoyou/index.php (18)
2014/04/29 18:13:22 [trace] [system.CModule] Loading "nameService" application component
in /var/www/jiaoyou/protected/models/Userdata.php (13)
in /var/www/jiaoyou/protected/modules/auth/controllers/DefaultController.php (19)
in /var/www/jiaoyou/index.php (18)
2014/04/29 18:13:22 [trace] [system.db.CDbCommand] Querying SQL: SHOW CREATE TABLE `love_userdata`
in /var/www/jiaoyou/protected/models/Userdata.php (13)
in /var/www/jiaoyou/protected/modules/auth/controllers/DefaultController.php (19)
in /var/www/jiaoyou/index.php (18)
2014/04/29 18:13:22 [trace] [system.db.ar.CActiveRecord] Userdata.find()
in /var/www/jiaoyou/protected/modules/auth/controllers/DefaultController.php (19)
in /var/www/jiaoyou/index.php (18)
2014/04/29 18:13:22 [trace] [system.db.CDbCommand] Querying SQL: SELECT * FROM `love_userdata` `t` WHERE openid='12345' LIMIT 1
in /var/www/jiaoyou/protected/modules/auth/controllers/DefaultController.php (19)
in /var/www/jiaoyou/index.php (18)
2014/04/29 18:13:22 [trace] [system.CModule] Loading "log" application component
in /var/www/jiaoyou/index.php (18)
2014/04/29 18:13:22 [trace] [system.CModule] Loading "request" application component
in /var/www/jiaoyou/index.php (18)
2014/04/29 18:13:22 [trace] [system.CModule] Loading "urlManager" application component
in /var/www/jiaoyou/index.php (18)
2014/04/29 18:13:22 [trace] [system.base.CModule] Loading "auth" module
in /var/www/jiaoyou/index.php (18)
2014/04/29 18:13:22 [trace] [system.CModule] Loading "db" application component
in /var/www/jiaoyou/protected/models/Userdata.php (13)
in /var/www/jiaoyou/protected/modules/auth/controllers/DefaultController.php (19)
in /var/www/jiaoyou/index.php (18)
2014/04/29 18:13:22 [trace] [system.db.CDbCommand] Querying SQL: SHOW COLUMNS FROM `love_userdata`
in /var/www/jiaoyou/protected/models/Userdata.php (13)
in /var/www/jiaoyou/protected/modules/auth/controllers/DefaultController.php (19)
in /var/www/jiaoyou/index.php (18)
2014/04/29 18:13:22 [trace] [system.db.CDbConnection] Opening DB:master connection
in /var/www/jiaoyou/protected/models/Userdata.php (13)
in /var/www/jiaoyou/protected/modules/auth/controllers/DefaultController.php (19)
in /var/www/jiaoyou/index.php (18)
2014/04/29 18:13:22 [trace] [system.CModule] Loading "nameService" application component
in /var/www/jiaoyou/protected/models/Userdata.php (13)
in /var/www/jiaoyou/protected/modules/auth/controllers/DefaultController.php (19)
in /var/www/jiaoyou/index.php (18)
2014/04/29 18:13:22 [trace] [system.db.CDbCommand] Querying SQL: SHOW CREATE TABLE `love_userdata`
in /var/www/jiaoyou/protected/models/Userdata.php (13)
in /var/www/jiaoyou/protected/modules/auth/controllers/DefaultController.php (19)
in /var/www/jiaoyou/index.php (18)
2014/04/29 18:13:22 [trace] [system.db.ar.CActiveRecord] Userdata.find()
in /var/www/jiaoyou/protected/modules/auth/controllers/DefaultController.php (19)
in /var/www/jiaoyou/index.php (18)
2014/04/29 18:13:22 [trace] [system.db.CDbCommand] Querying SQL: SELECT * FROM `love_userdata` `t` WHERE openid='12345' LIMIT 1
in /var/www/jiaoyou/protected/modules/auth/controllers/DefaultController.php (19)
in /var/www/jiaoyou/index.php (18)
2014/04/29 18:13:22 [trace] [system.CModule] Loading "log" application component
in /var/www/jiaoyou/index.php (18)
2014/04/29 18:13:22 [trace] [system.CModule] Loading "request" application component
in /var/www/jiaoyou/index.php (18)
2014/04/29 18:13:22 [trace] [system.CModule] Loading "urlManager" application component
in /var/www/jiaoyou/index.php (18)
2014/04/29 18:13:22 [trace] [system.base.CModule] Loading "auth" module
in /var/www/jiaoyou/index.php (18)
2014/04/29 18:13:22 [trace] [system.CModule] Loading "clientScript" application component
in /var/www/jiaoyou/protected/modules/auth/controllers/DefaultController.php (58)
in /var/www/jiaoyou/index.php (18)
2014/04/29 18:13:22 [trace] [system.CModule] Loading "log" application component
in /var/www/jiaoyou/index.php (18)
2014/04/29 18:13:22 [trace] [system.CModule] Loading "request" application component
in /var/www/jiaoyou/index.php (18)
2014/04/29 18:13:22 [trace] [system.CModule] Loading "urlManager" application component
in /var/www/jiaoyou/index.php (18)
2014/04/29 18:13:22 [trace] [system.base.CModule] Loading "auth" module
in /var/www/jiaoyou/index.php (18)
2014/04/29 18:13:22 [trace] [system.CModule] Loading "clientScript" application component
in /var/www/jiaoyou/protected/modules/auth/controllers/DefaultController.php (58)
in /var/www/jiaoyou/index.php (18)
2014/04/29 18:13:28 [trace] [system.CModule] Loading "log" application component
in /var/www/jiaoyou/index.php (18)
2014/04/29 18:13:28 [trace] [system.CModule] Loading "request" application component
in /var/www/jiaoyou/index.php (18)
2014/04/29 18:13:28 [trace] [system.CModule] Loading "urlManager" application component
in /var/www/jiaoyou/index.php (18)
2014/04/29 18:13:28 [trace] [system.base.CModule] Loading "auth" module
in /var/www/jiaoyou/index.php (18)
2014/04/29 18:13:28 [trace] [system.CModule] Loading "session" application component
in /var/www/jiaoyou/protected/modules/auth/controllers/DefaultController.php (47)
in /var/www/jiaoyou/index.php (18)
2014/04/29 18:13:28 [trace] [system.CModule] Loading "db" application component
in /var/www/jiaoyou/protected/models/Userinfo.php (11)
in /var/www/jiaoyou/protected/modules/auth/controllers/DefaultController.php (48)
in /var/www/jiaoyou/index.php (18)
2014/04/29 18:13:28 [trace] [system.db.CDbCommand] Querying SQL: SHOW COLUMNS FROM `love_userinfo`
in /var/www/jiaoyou/protected/models/Userinfo.php (11)
in /var/www/jiaoyou/protected/modules/auth/controllers/DefaultController.php (48)
in /var/www/jiaoyou/index.php (18)
2014/04/29 18:13:28 [trace] [system.db.CDbConnection] Opening DB:master connection
in /var/www/jiaoyou/protected/models/Userinfo.php (11)
in /var/www/jiaoyou/protected/modules/auth/controllers/DefaultController.php (48)
in /var/www/jiaoyou/index.php (18)
2014/04/29 18:13:28 [trace] [system.CModule] Loading "nameService" application component
in /var/www/jiaoyou/protected/models/Userinfo.php (11)
in /var/www/jiaoyou/protected/modules/auth/controllers/DefaultController.php (48)
in /var/www/jiaoyou/index.php (18)
2014/04/29 18:13:28 [trace] [system.db.CDbCommand] Querying SQL: SHOW CREATE TABLE `love_userinfo`
in /var/www/jiaoyou/protected/models/Userinfo.php (11)
in /var/www/jiaoyou/protected/modules/auth/controllers/DefaultController.php (48)
in /var/www/jiaoyou/index.php (18)
2014/04/29 18:13:28 [trace] [system.db.ar.CActiveRecord] Userinfo.find()
in /var/www/jiaoyou/protected/modules/auth/controllers/DefaultController.php (48)
in /var/www/jiaoyou/index.php (18)
2014/04/29 18:13:28 [trace] [system.db.CDbCommand] Querying SQL: SELECT * FROM `love_userinfo` `t` WHERE qqnum='157581768' LIMIT 1
in /var/www/jiaoyou/protected/modules/auth/controllers/DefaultController.php (48)
in /var/www/jiaoyou/index.php (18)
2014/04/29 18:13:28 [trace] [system.CModule] Loading "log" application component
in /var/www/jiaoyou/index.php (18)
2014/04/29 18:13:28 [trace] [system.CModule] Loading "request" application component
in /var/www/jiaoyou/index.php (18)
2014/04/29 18:13:28 [trace] [system.CModule] Loading "urlManager" application component
in /var/www/jiaoyou/index.php (18)
2014/04/29 18:13:28 [trace] [system.base.CModule] Loading "auth" module
in /var/www/jiaoyou/index.php (18)
2014/04/29 18:13:28 [trace] [system.CModule] Loading "session" application component
in /var/www/jiaoyou/protected/modules/auth/controllers/DefaultController.php (47)
in /var/www/jiaoyou/index.php (18)
2014/04/29 18:13:28 [trace] [system.CModule] Loading "db" application component
in /var/www/jiaoyou/protected/models/Userinfo.php (11)
in /var/www/jiaoyou/protected/modules/auth/controllers/DefaultController.php (48)
in /var/www/jiaoyou/index.php (18)
2014/04/29 18:13:28 [trace] [system.db.CDbCommand] Querying SQL: SHOW COLUMNS FROM `love_userinfo`
in /var/www/jiaoyou/protected/models/Userinfo.php (11)
in /var/www/jiaoyou/protected/modules/auth/controllers/DefaultController.php (48)
in /var/www/jiaoyou/index.php (18)
2014/04/29 18:13:28 [trace] [system.db.CDbConnection] Opening DB:master connection
in /var/www/jiaoyou/protected/models/Userinfo.php (11)
in /var/www/jiaoyou/protected/modules/auth/controllers/DefaultController.php (48)
in /var/www/jiaoyou/index.php (18)
2014/04/29 18:13:28 [trace] [system.CModule] Loading "nameService" application component
in /var/www/jiaoyou/protected/models/Userinfo.php (11)
in /var/www/jiaoyou/protected/modules/auth/controllers/DefaultController.php (48)
in /var/www/jiaoyou/index.php (18)
2014/04/29 18:13:28 [trace] [system.db.CDbCommand] Querying SQL: SHOW CREATE TABLE `love_userinfo`
in /var/www/jiaoyou/protected/models/Userinfo.php (11)
in /var/www/jiaoyou/protected/modules/auth/controllers/DefaultController.php (48)
in /var/www/jiaoyou/index.php (18)
2014/04/29 18:13:28 [trace] [system.db.ar.CActiveRecord] Userinfo.find()
in /var/www/jiaoyou/protected/modules/auth/controllers/DefaultController.php (48)
in /var/www/jiaoyou/index.php (18)
2014/04/29 18:13:28 [trace] [system.db.CDbCommand] Querying SQL: SELECT * FROM `love_userinfo` `t` WHERE qqnum='157581768' LIMIT 1
in /var/www/jiaoyou/protected/modules/auth/controllers/DefaultController.php (48)
in /var/www/jiaoyou/index.php (18)
2014/04/29 18:13:28 [trace] [system.CModule] Loading "log" application component
in /var/www/jiaoyou/index.php (18)
2014/04/29 18:13:28 [trace] [system.CModule] Loading "request" application component
in /var/www/jiaoyou/index.php (18)
2014/04/29 18:13:28 [trace] [system.CModule] Loading "urlManager" application component
in /var/www/jiaoyou/index.php (18)
2014/04/29 18:13:28 [trace] [system.base.CModule] Loading "home" module
in /var/www/jiaoyou/index.php (18)
2014/04/29 18:13:28 [trace] [system.CModule] Loading "db" application component
in /var/www/jiaoyou/protected/models/Userinfo.php (11)
in /var/www/jiaoyou/protected/components/QQ.php (5)
in /var/www/jiaoyou/protected/modules/home/components/CHomeController.php (17)
2014/04/29 18:13:28 [trace] [system.db.CDbCommand] Querying SQL: SHOW COLUMNS FROM `love_userinfo`
in /var/www/jiaoyou/protected/models/Userinfo.php (11)
in /var/www/jiaoyou/protected/components/QQ.php (5)
in /var/www/jiaoyou/protected/modules/home/components/CHomeController.php (17)
2014/04/29 18:13:28 [trace] [system.db.CDbConnection] Opening DB:master connection
in /var/www/jiaoyou/protected/models/Userinfo.php (11)
in /var/www/jiaoyou/protected/components/QQ.php (5)
in /var/www/jiaoyou/protected/modules/home/components/CHomeController.php (17)
2014/04/29 18:13:28 [trace] [system.CModule] Loading "nameService" application component
in /var/www/jiaoyou/protected/models/Userinfo.php (11)
in /var/www/jiaoyou/protected/components/QQ.php (5)
in /var/www/jiaoyou/protected/modules/home/components/CHomeController.php (17)
2014/04/29 18:13:28 [trace] [system.db.CDbCommand] Querying SQL: SHOW CREATE TABLE `love_userinfo`
in /var/www/jiaoyou/protected/models/Userinfo.php (11)
in /var/www/jiaoyou/protected/components/QQ.php (5)
in /var/www/jiaoyou/protected/modules/home/components/CHomeController.php (17)
2014/04/29 18:13:28 [trace] [system.db.ar.CActiveRecord] Userinfo.find()
in /var/www/jiaoyou/protected/components/QQ.php (8)
in /var/www/jiaoyou/protected/modules/home/components/CHomeController.php (17)
in /var/www/jiaoyou/index.php (18)
2014/04/29 18:13:28 [trace] [system.db.CDbCommand] Querying SQL: SELECT valid FROM `love_userinfo` `t` WHERE qqnum=157581768 LIMIT 1
in /var/www/jiaoyou/protected/components/QQ.php (8)
in /var/www/jiaoyou/protected/modules/home/components/CHomeController.php (17)
in /var/www/jiaoyou/index.php (18)
2014/04/29 18:13:28 [trace] [system.db.CDbCommand] Querying SQL: SHOW COLUMNS FROM `love_userdata`
in /var/www/jiaoyou/protected/models/Userdata.php (13)
in /var/www/jiaoyou/protected/modules/home/components/RankAction.php (37)
in /var/www/jiaoyou/protected/modules/home/components/RankAction.php (48)
2014/04/29 18:13:28 [trace] [system.db.CDbCommand] Querying SQL: SHOW CREATE TABLE `love_userdata`
in /var/www/jiaoyou/protected/models/Userdata.php (13)
in /var/www/jiaoyou/protected/modules/home/components/RankAction.php (37)
in /var/www/jiaoyou/protected/modules/home/components/RankAction.php (48)
2014/04/29 18:13:28 [trace] [system.db.ar.CActiveRecord] Userdata.findAll()
in /var/www/jiaoyou/protected/modules/home/components/RankAction.php (37)
in /var/www/jiaoyou/protected/modules/home/components/RankAction.php (48)
in /var/www/jiaoyou/protected/modules/home/components/RankAction.php (23)
2014/04/29 18:13:28 [trace] [system.db.CDbCommand] Querying SQL: SELECT openid FROM `love_userdata` `t` ORDER BY lastlogintime DESC LIMIT 9
in /var/www/jiaoyou/protected/modules/home/components/RankAction.php (37)
in /var/www/jiaoyou/protected/modules/home/components/RankAction.php (48)
in /var/www/jiaoyou/protected/modules/home/components/RankAction.php (23)
2014/04/29 18:13:28 [trace] [system.db.ar.CActiveRecord] Userinfo.find()
in /var/www/jiaoyou/protected/modules/home/controllers/HomeController.php (22)
in /var/www/jiaoyou/protected/modules/home/controllers/HomeController.php (34)
in /var/www/jiaoyou/protected/modules/home/controllers/HomeController.php (15)
2014/04/29 18:13:28 [trace] [system.db.CDbCommand] Querying SQL: SELECT id,nickname,age,location,sex,photo FROM `love_userinfo` `t` WHERE openid=12345 LIMIT 1
in /var/www/jiaoyou/protected/modules/home/controllers/HomeController.php (22)
in /var/www/jiaoyou/protected/modules/home/controllers/HomeController.php (34)
in /var/www/jiaoyou/protected/modules/home/controllers/HomeController.php (15)
2014/04/29 18:13:28 [trace] [system.CModule] Loading "clientScript" application component
in /var/www/jiaoyou/protected/modules/home/controllers/HomeController.php (16)
in /var/www/jiaoyou/index.php (18)
2014/04/29 18:13:28 [trace] [system.CModule] Loading "log" application component
in /var/www/jiaoyou/index.php (18)
2014/04/29 18:13:28 [trace] [system.CModule] Loading "request" application component
in /var/www/jiaoyou/index.php (18)
2014/04/29 18:13:28 [trace] [system.CModule] Loading "urlManager" application component
in /var/www/jiaoyou/index.php (18)
2014/04/29 18:13:28 [trace] [system.base.CModule] Loading "home" module
in /var/www/jiaoyou/index.php (18)
2014/04/29 18:13:28 [trace] [system.CModule] Loading "db" application component
in /var/www/jiaoyou/protected/models/Userinfo.php (11)
in /var/www/jiaoyou/protected/components/QQ.php (5)
in /var/www/jiaoyou/protected/modules/home/components/CHomeController.php (17)
2014/04/29 18:13:28 [trace] [system.db.CDbCommand] Querying SQL: SHOW COLUMNS FROM `love_userinfo`
in /var/www/jiaoyou/protected/models/Userinfo.php (11)
in /var/www/jiaoyou/protected/components/QQ.php (5)
in /var/www/jiaoyou/protected/modules/home/components/CHomeController.php (17)
2014/04/29 18:13:28 [trace] [system.db.CDbConnection] Opening DB:master connection
in /var/www/jiaoyou/protected/models/Userinfo.php (11)
in /var/www/jiaoyou/protected/components/QQ.php (5)
in /var/www/jiaoyou/protected/modules/home/components/CHomeController.php (17)
2014/04/29 18:13:28 [trace] [system.CModule] Loading "nameService" application component
in /var/www/jiaoyou/protected/models/Userinfo.php (11)
in /var/www/jiaoyou/protected/components/QQ.php (5)
in /var/www/jiaoyou/protected/modules/home/components/CHomeController.php (17)
2014/04/29 18:13:28 [trace] [system.db.CDbCommand] Querying SQL: SHOW CREATE TABLE `love_userinfo`
in /var/www/jiaoyou/protected/models/Userinfo.php (11)
in /var/www/jiaoyou/protected/components/QQ.php (5)
in /var/www/jiaoyou/protected/modules/home/components/CHomeController.php (17)
2014/04/29 18:13:28 [trace] [system.db.ar.CActiveRecord] Userinfo.find()
in /var/www/jiaoyou/protected/components/QQ.php (8)
in /var/www/jiaoyou/protected/modules/home/components/CHomeController.php (17)
in /var/www/jiaoyou/index.php (18)
2014/04/29 18:13:28 [trace] [system.db.CDbCommand] Querying SQL: SELECT valid FROM `love_userinfo` `t` WHERE qqnum=157581768 LIMIT 1
in /var/www/jiaoyou/protected/components/QQ.php (8)
in /var/www/jiaoyou/protected/modules/home/components/CHomeController.php (17)
in /var/www/jiaoyou/index.php (18)
2014/04/29 18:13:28 [trace] [system.db.CDbCommand] Querying SQL: SHOW COLUMNS FROM `love_userdata`
in /var/www/jiaoyou/protected/models/Userdata.php (13)
in /var/www/jiaoyou/protected/modules/home/components/RankAction.php (37)
in /var/www/jiaoyou/protected/modules/home/components/RankAction.php (48)
2014/04/29 18:13:28 [trace] [system.db.CDbCommand] Querying SQL: SHOW CREATE TABLE `love_userdata`
in /var/www/jiaoyou/protected/models/Userdata.php (13)
in /var/www/jiaoyou/protected/modules/home/components/RankAction.php (37)
in /var/www/jiaoyou/protected/modules/home/components/RankAction.php (48)
2014/04/29 18:13:28 [trace] [system.db.ar.CActiveRecord] Userdata.findAll()
in /var/www/jiaoyou/protected/modules/home/components/RankAction.php (37)
in /var/www/jiaoyou/protected/modules/home/components/RankAction.php (48)
in /var/www/jiaoyou/protected/modules/home/components/RankAction.php (23)
2014/04/29 18:13:28 [trace] [system.db.CDbCommand] Querying SQL: SELECT openid FROM `love_userdata` `t` ORDER BY lastlogintime DESC LIMIT 9
in /var/www/jiaoyou/protected/modules/home/components/RankAction.php (37)
in /var/www/jiaoyou/protected/modules/home/components/RankAction.php (48)
in /var/www/jiaoyou/protected/modules/home/components/RankAction.php (23)
2014/04/29 18:13:28 [trace] [system.db.ar.CActiveRecord] Userinfo.find()
in /var/www/jiaoyou/protected/modules/home/controllers/HomeController.php (22)
in /var/www/jiaoyou/protected/modules/home/controllers/HomeController.php (34)
in /var/www/jiaoyou/protected/modules/home/controllers/HomeController.php (15)
2014/04/29 18:13:28 [trace] [system.db.CDbCommand] Querying SQL: SELECT id,nickname,age,location,sex,photo FROM `love_userinfo` `t` WHERE openid=12345 LIMIT 1
in /var/www/jiaoyou/protected/modules/home/controllers/HomeController.php (22)
in /var/www/jiaoyou/protected/modules/home/controllers/HomeController.php (34)
in /var/www/jiaoyou/protected/modules/home/controllers/HomeController.php (15)
2014/04/29 18:13:28 [trace] [system.CModule] Loading "clientScript" application component
in /var/www/jiaoyou/protected/modules/home/controllers/HomeController.php (16)
in /var/www/jiaoyou/index.php (18)
2014/04/29 18:14:09 [trace] [system.CModule] Loading "log" application component
in /var/www/jiaoyou/index.php (18)
2014/04/29 18:14:09 [trace] [system.CModule] Loading "request" application component
in /var/www/jiaoyou/index.php (18)
2014/04/29 18:14:09 [trace] [system.CModule] Loading "urlManager" application component
in /var/www/jiaoyou/index.php (18)
2014/04/29 18:14:09 [trace] [system.base.CModule] Loading "home" module
in /var/www/jiaoyou/index.php (18)
2014/04/29 18:14:09 [trace] [system.CModule] Loading "db" application component
in /var/www/jiaoyou/protected/models/Userinfo.php (11)
in /var/www/jiaoyou/protected/components/QQ.php (5)
in /var/www/jiaoyou/protected/modules/home/components/CHomeController.php (17)
2014/04/29 18:14:09 [trace] [system.db.CDbCommand] Querying SQL: SHOW COLUMNS FROM `love_userinfo`
in /var/www/jiaoyou/protected/models/Userinfo.php (11)
in /var/www/jiaoyou/protected/components/QQ.php (5)
in /var/www/jiaoyou/protected/modules/home/components/CHomeController.php (17)
2014/04/29 18:14:09 [trace] [system.db.CDbConnection] Opening DB:master connection
in /var/www/jiaoyou/protected/models/Userinfo.php (11)
in /var/www/jiaoyou/protected/components/QQ.php (5)
in /var/www/jiaoyou/protected/modules/home/components/CHomeController.php (17)
2014/04/29 18:14:09 [trace] [system.CModule] Loading "nameService" application component
in /var/www/jiaoyou/protected/models/Userinfo.php (11)
in /var/www/jiaoyou/protected/components/QQ.php (5)
in /var/www/jiaoyou/protected/modules/home/components/CHomeController.php (17)
2014/04/29 18:14:09 [trace] [system.db.CDbCommand] Querying SQL: SHOW CREATE TABLE `love_userinfo`
in /var/www/jiaoyou/protected/models/Userinfo.php (11)
in /var/www/jiaoyou/protected/components/QQ.php (5)
in /var/www/jiaoyou/protected/modules/home/components/CHomeController.php (17)
2014/04/29 18:14:09 [trace] [system.db.ar.CActiveRecord] Userinfo.find()
in /var/www/jiaoyou/protected/components/QQ.php (8)
in /var/www/jiaoyou/protected/modules/home/components/CHomeController.php (17)
in /var/www/jiaoyou/index.php (18)
2014/04/29 18:14:09 [trace] [system.db.CDbCommand] Querying SQL: SELECT valid FROM `love_userinfo` `t` WHERE qqnum=157581768 LIMIT 1
in /var/www/jiaoyou/protected/components/QQ.php (8)
in /var/www/jiaoyou/protected/modules/home/components/CHomeController.php (17)
in /var/www/jiaoyou/index.php (18)
2014/04/29 18:14:09 [trace] [system.db.CDbCommand] Querying SQL: SHOW COLUMNS FROM `love_userdata`
in /var/www/jiaoyou/protected/models/Userdata.php (13)
in /var/www/jiaoyou/protected/modules/home/components/RankAction.php (37)
in /var/www/jiaoyou/protected/modules/home/components/RankAction.php (48)
2014/04/29 18:14:09 [trace] [system.db.CDbCommand] Querying SQL: SHOW CREATE TABLE `love_userdata`
in /var/www/jiaoyou/protected/models/Userdata.php (13)
in /var/www/jiaoyou/protected/modules/home/components/RankAction.php (37)
in /var/www/jiaoyou/protected/modules/home/components/RankAction.php (48)
2014/04/29 18:14:09 [trace] [system.db.ar.CActiveRecord] Userdata.findAll()
in /var/www/jiaoyou/protected/modules/home/components/RankAction.php (37)
in /var/www/jiaoyou/protected/modules/home/components/RankAction.php (48)
in /var/www/jiaoyou/protected/modules/home/components/RankAction.php (23)
2014/04/29 18:14:09 [trace] [system.db.CDbCommand] Querying SQL: SELECT openid FROM `love_userdata` `t` ORDER BY lastlogintime DESC LIMIT 9
in /var/www/jiaoyou/protected/modules/home/components/RankAction.php (37)
in /var/www/jiaoyou/protected/modules/home/components/RankAction.php (48)
in /var/www/jiaoyou/protected/modules/home/components/RankAction.php (23)
2014/04/29 18:14:09 [trace] [system.db.ar.CActiveRecord] Userinfo.find()
in /var/www/jiaoyou/protected/modules/home/controllers/HomeController.php (22)
in /var/www/jiaoyou/protected/modules/home/controllers/HomeController.php (34)
in /var/www/jiaoyou/protected/modules/home/controllers/HomeController.php (15)
2014/04/29 18:14:09 [trace] [system.db.CDbCommand] Querying SQL: SELECT id,nickname,age,location,sex,photo FROM `love_userinfo` `t` WHERE openid=12345 LIMIT 1
in /var/www/jiaoyou/protected/modules/home/controllers/HomeController.php (22)
in /var/www/jiaoyou/protected/modules/home/controllers/HomeController.php (34)
in /var/www/jiaoyou/protected/modules/home/controllers/HomeController.php (15)
2014/04/29 18:14:09 [trace] [system.CModule] Loading "clientScript" application component
in /var/www/jiaoyou/protected/modules/home/controllers/HomeController.php (16)
in /var/www/jiaoyou/index.php (18)
2014/04/29 18:14:09 [trace] [system.CModule] Loading "log" application component
in /var/www/jiaoyou/index.php (18)
2014/04/29 18:14:09 [trace] [system.CModule] Loading "request" application component
in /var/www/jiaoyou/index.php (18)
2014/04/29 18:14:09 [trace] [system.CModule] Loading "urlManager" application component
in /var/www/jiaoyou/index.php (18)
2014/04/29 18:14:09 [trace] [system.base.CModule] Loading "home" module
in /var/www/jiaoyou/index.php (18)
2014/04/29 18:14:09 [trace] [system.CModule] Loading "db" application component
in /var/www/jiaoyou/protected/models/Userinfo.php (11)
in /var/www/jiaoyou/protected/components/QQ.php (5)
in /var/www/jiaoyou/protected/modules/home/components/CHomeController.php (17)
2014/04/29 18:14:09 [trace] [system.db.CDbCommand] Querying SQL: SHOW COLUMNS FROM `love_userinfo`
in /var/www/jiaoyou/protected/models/Userinfo.php (11)
in /var/www/jiaoyou/protected/components/QQ.php (5)
in /var/www/jiaoyou/protected/modules/home/components/CHomeController.php (17)
2014/04/29 18:14:09 [trace] [system.db.CDbConnection] Opening DB:master connection
in /var/www/jiaoyou/protected/models/Userinfo.php (11)
in /var/www/jiaoyou/protected/components/QQ.php (5)
in /var/www/jiaoyou/protected/modules/home/components/CHomeController.php (17)
2014/04/29 18:14:09 [trace] [system.CModule] Loading "nameService" application component
in /var/www/jiaoyou/protected/models/Userinfo.php (11)
in /var/www/jiaoyou/protected/components/QQ.php (5)
in /var/www/jiaoyou/protected/modules/home/components/CHomeController.php (17)
2014/04/29 18:14:09 [trace] [system.db.CDbCommand] Querying SQL: SHOW CREATE TABLE `love_userinfo`
in /var/www/jiaoyou/protected/models/Userinfo.php (11)
in /var/www/jiaoyou/protected/components/QQ.php (5)
in /var/www/jiaoyou/protected/modules/home/components/CHomeController.php (17)
2014/04/29 18:14:09 [trace] [system.db.ar.CActiveRecord] Userinfo.find()
in /var/www/jiaoyou/protected/components/QQ.php (8)
in /var/www/jiaoyou/protected/modules/home/components/CHomeController.php (17)
in /var/www/jiaoyou/index.php (18)
2014/04/29 18:14:09 [trace] [system.db.CDbCommand] Querying SQL: SELECT valid FROM `love_userinfo` `t` WHERE qqnum=157581768 LIMIT 1
in /var/www/jiaoyou/protected/components/QQ.php (8)
in /var/www/jiaoyou/protected/modules/home/components/CHomeController.php (17)
in /var/www/jiaoyou/index.php (18)
2014/04/29 18:14:09 [trace] [system.db.CDbCommand] Querying SQL: SHOW COLUMNS FROM `love_userdata`
in /var/www/jiaoyou/protected/models/Userdata.php (13)
in /var/www/jiaoyou/protected/modules/home/components/RankAction.php (37)
in /var/www/jiaoyou/protected/modules/home/components/RankAction.php (48)
2014/04/29 18:14:09 [trace] [system.db.CDbCommand] Querying SQL: SHOW CREATE TABLE `love_userdata`
in /var/www/jiaoyou/protected/models/Userdata.php (13)
in /var/www/jiaoyou/protected/modules/home/components/RankAction.php (37)
in /var/www/jiaoyou/protected/modules/home/components/RankAction.php (48)
2014/04/29 18:14:09 [trace] [system.db.ar.CActiveRecord] Userdata.findAll()
in /var/www/jiaoyou/protected/modules/home/components/RankAction.php (37)
in /var/www/jiaoyou/protected/modules/home/components/RankAction.php (48)
in /var/www/jiaoyou/protected/modules/home/components/RankAction.php (23)
2014/04/29 18:14:09 [trace] [system.db.CDbCommand] Querying SQL: SELECT openid FROM `love_userdata` `t` ORDER BY lastlogintime DESC LIMIT 9
in /var/www/jiaoyou/protected/modules/home/components/RankAction.php (37)
in /var/www/jiaoyou/protected/modules/home/components/RankAction.php (48)
in /var/www/jiaoyou/protected/modules/home/components/RankAction.php (23)
2014/04/29 18:14:09 [trace] [system.db.ar.CActiveRecord] Userinfo.find()
in /var/www/jiaoyou/protected/modules/home/controllers/HomeController.php (22)
in /var/www/jiaoyou/protected/modules/home/controllers/HomeController.php (34)
in /var/www/jiaoyou/protected/modules/home/controllers/HomeController.php (15)
2014/04/29 18:14:09 [trace] [system.db.CDbCommand] Querying SQL: SELECT id,nickname,age,location,sex,photo FROM `love_userinfo` `t` WHERE openid=12345 LIMIT 1
in /var/www/jiaoyou/protected/modules/home/controllers/HomeController.php (22)
in /var/www/jiaoyou/protected/modules/home/controllers/HomeController.php (34)
in /var/www/jiaoyou/protected/modules/home/controllers/HomeController.php (15)
2014/04/29 18:14:09 [trace] [system.CModule] Loading "clientScript" application component
in /var/www/jiaoyou/protected/modules/home/controllers/HomeController.php (16)
in /var/www/jiaoyou/index.php (18)
2014/04/29 18:14:10 [trace] [system.CModule] Loading "log" application component
in /var/www/jiaoyou/index.php (18)
2014/04/29 18:14:10 [trace] [system.CModule] Loading "request" application component
in /var/www/jiaoyou/index.php (18)
2014/04/29 18:14:10 [trace] [system.CModule] Loading "urlManager" application component
in /var/www/jiaoyou/index.php (18)
2014/04/29 18:14:10 [trace] [system.base.CModule] Loading "home" module
in /var/www/jiaoyou/index.php (18)
2014/04/29 18:14:10 [trace] [system.CModule] Loading "db" application component
in /var/www/jiaoyou/protected/models/Userinfo.php (11)
in /var/www/jiaoyou/protected/components/QQ.php (5)
in /var/www/jiaoyou/protected/modules/home/components/CHomeController.php (17)
2014/04/29 18:14:10 [trace] [system.db.CDbCommand] Querying SQL: SHOW COLUMNS FROM `love_userinfo`
in /var/www/jiaoyou/protected/models/Userinfo.php (11)
in /var/www/jiaoyou/protected/components/QQ.php (5)
in /var/www/jiaoyou/protected/modules/home/components/CHomeController.php (17)
2014/04/29 18:14:10 [trace] [system.db.CDbConnection] Opening DB:master connection
in /var/www/jiaoyou/protected/models/Userinfo.php (11)
in /var/www/jiaoyou/protected/components/QQ.php (5)
in /var/www/jiaoyou/protected/modules/home/components/CHomeController.php (17)
2014/04/29 18:14:10 [trace] [system.CModule] Loading "nameService" application component
in /var/www/jiaoyou/protected/models/Userinfo.php (11)
in /var/www/jiaoyou/protected/components/QQ.php (5)
in /var/www/jiaoyou/protected/modules/home/components/CHomeController.php (17)
2014/04/29 18:14:10 [trace] [system.db.CDbCommand] Querying SQL: SHOW CREATE TABLE `love_userinfo`
in /var/www/jiaoyou/protected/models/Userinfo.php (11)
in /var/www/jiaoyou/protected/components/QQ.php (5)
in /var/www/jiaoyou/protected/modules/home/components/CHomeController.php (17)
2014/04/29 18:14:10 [trace] [system.db.ar.CActiveRecord] Userinfo.find()
in /var/www/jiaoyou/protected/components/QQ.php (8)
in /var/www/jiaoyou/protected/modules/home/components/CHomeController.php (17)
in /var/www/jiaoyou/index.php (18)
2014/04/29 18:14:10 [trace] [system.db.CDbCommand] Querying SQL: SELECT valid FROM `love_userinfo` `t` WHERE qqnum=157581768 LIMIT 1
in /var/www/jiaoyou/protected/components/QQ.php (8)
in /var/www/jiaoyou/protected/modules/home/components/CHomeController.php (17)
in /var/www/jiaoyou/index.php (18)
2014/04/29 18:14:10 [trace] [system.db.ar.CActiveRecord] Userinfo.find()
in /var/www/jiaoyou/protected/modules/home/controllers/HomeController.php (22)
in /var/www/jiaoyou/protected/modules/home/controllers/HomeController.php (45)
in /var/www/jiaoyou/protected/modules/home/controllers/HomeController.php (49)
2014/04/29 18:14:10 [trace] [system.db.CDbCommand] Querying SQL: SELECT id,nickname,age,location,sex,photo,height,profession,introduce,request FROM `love_userinfo` `t` WHERE id=1 LIMIT 1
in /var/www/jiaoyou/protected/modules/home/controllers/HomeController.php (22)
in /var/www/jiaoyou/protected/modules/home/controllers/HomeController.php (45)
in /var/www/jiaoyou/protected/modules/home/controllers/HomeController.php (49)
2014/04/29 18:14:10 [trace] [system.CModule] Loading "coreMessages" application component
in /var/www/jiaoyou/protected/modules/home/controllers/HomeController.php (53)
in /var/www/jiaoyou/index.php (18)
2014/04/29 18:14:10 [error] [exception.CException] exception 'CException' with message 'HomeController 无法找到请求的视图 "/userinfo/".' in /data/php/framework/core/web/CController.php:878
Stack trace:
#0 /data/php/framework/core/web/CController.php(782): CController->renderPartial('/userinfo/', Array, true)
#1 /var/www/jiaoyou/protected/modules/home/controllers/HomeController.php(53): CController->render('/userinfo/', Array)
#2 [internal function]: HomeController->actionShowinfo('1')
#3 /data/php/framework/core/web/actions/CAction.php(107): ReflectionMethod->invokeArgs(Object(HomeController), Array)
#4 /data/php/framework/core/web/actions/CInlineAction.php(48): CAction->runWithParamsInternal(Object(HomeController), Object(ReflectionMethod), Array)
#5 /data/php/framework/core/web/CController.php(308): CInlineAction->runWithParams(Array)
#6 /data/php/framework/core/web/CController.php(286): CController->runAction(Object(CInlineAction))
#7 /data/php/framework/core/web/CController.php(265): CController->runActionWithFilters(Object(CInlineAction), NULL)
#8 /data/php/framework/core/web/CWebApplication.php(283): CController->run('showinfo')
#9 /data/php/framework/core/web/CWebApplication.php(142): CWebApplication->runController('home/home/showi...')
#10 /data/php/framework/core/CApplication.php(160): CWebApplication->processRequest()
#11 /var/www/jiaoyou/index.php(18): CApplication->run()
#12 {main}
REQUEST_URI=/home/home/showinfo?id=1
HTTP_REFERER=http://jiaoyou.qq.com/home/home/home
2014/04/29 18:14:10 [trace] [system.CModule] Loading "errorHandler" application component
2014/04/29 18:14:10 [trace] [system.CModule] Loading "log" application component
in /var/www/jiaoyou/index.php (18)
2014/04/29 18:14:10 [trace] [system.CModule] Loading "request" application component
in /var/www/jiaoyou/index.php (18)
2014/04/29 18:14:10 [trace] [system.CModule] Loading "urlManager" application component
in /var/www/jiaoyou/index.php (18)
2014/04/29 18:14:10 [trace] [system.base.CModule] Loading "home" module
in /var/www/jiaoyou/index.php (18)
2014/04/29 18:14:10 [trace] [system.CModule] Loading "db" application component
in /var/www/jiaoyou/protected/models/Userinfo.php (11)
in /var/www/jiaoyou/protected/components/QQ.php (5)
in /var/www/jiaoyou/protected/modules/home/components/CHomeController.php (17)
2014/04/29 18:14:10 [trace] [system.db.CDbCommand] Querying SQL: SHOW COLUMNS FROM `love_userinfo`
in /var/www/jiaoyou/protected/models/Userinfo.php (11)
in /var/www/jiaoyou/protected/components/QQ.php (5)
in /var/www/jiaoyou/protected/modules/home/components/CHomeController.php (17)
2014/04/29 18:14:10 [trace] [system.db.CDbConnection] Opening DB:master connection
in /var/www/jiaoyou/protected/models/Userinfo.php (11)
in /var/www/jiaoyou/protected/components/QQ.php (5)
in /var/www/jiaoyou/protected/modules/home/components/CHomeController.php (17)
2014/04/29 18:14:10 [trace] [system.CModule] Loading "nameService" application component
in /var/www/jiaoyou/protected/models/Userinfo.php (11)
in /var/www/jiaoyou/protected/components/QQ.php (5)
in /var/www/jiaoyou/protected/modules/home/components/CHomeController.php (17)
2014/04/29 18:14:10 [trace] [system.db.CDbCommand] Querying SQL: SHOW CREATE TABLE `love_userinfo`
in /var/www/jiaoyou/protected/models/Userinfo.php (11)
in /var/www/jiaoyou/protected/components/QQ.php (5)
in /var/www/jiaoyou/protected/modules/home/components/CHomeController.php (17)
2014/04/29 18:14:10 [trace] [system.db.ar.CActiveRecord] Userinfo.find()
in /var/www/jiaoyou/protected/components/QQ.php (8)
in /var/www/jiaoyou/protected/modules/home/components/CHomeController.php (17)
in /var/www/jiaoyou/index.php (18)
2014/04/29 18:14:10 [trace] [system.db.CDbCommand] Querying SQL: SELECT valid FROM `love_userinfo` `t` WHERE qqnum=157581768 LIMIT 1
in /var/www/jiaoyou/protected/components/QQ.php (8)
in /var/www/jiaoyou/protected/modules/home/components/CHomeController.php (17)
in /var/www/jiaoyou/index.php (18)
2014/04/29 18:14:10 [trace] [system.db.ar.CActiveRecord] Userinfo.find()
in /var/www/jiaoyou/protected/modules/home/controllers/HomeController.php (22)
in /var/www/jiaoyou/protected/modules/home/controllers/HomeController.php (45)
in /var/www/jiaoyou/protected/modules/home/controllers/HomeController.php (49)
2014/04/29 18:14:10 [trace] [system.db.CDbCommand] Querying SQL: SELECT id,nickname,age,location,sex,photo,height,profession,introduce,request FROM `love_userinfo` `t` WHERE id=1 LIMIT 1
in /var/www/jiaoyou/protected/modules/home/controllers/HomeController.php (22)
in /var/www/jiaoyou/protected/modules/home/controllers/HomeController.php (45)
in /var/www/jiaoyou/protected/modules/home/controllers/HomeController.php (49)
2014/04/29 18:14:10 [trace] [system.CModule] Loading "coreMessages" application component
in /var/www/jiaoyou/protected/modules/home/controllers/HomeController.php (53)
in /var/www/jiaoyou/index.php (18)
2014/04/29 18:14:10 [error] [exception.CException] exception 'CException' with message 'HomeController 无法找到请求的视图 "/userinfo/".' in /data/php/framework/core/web/CController.php:878
Stack trace:
#0 /data/php/framework/core/web/CController.php(782): CController->renderPartial('/userinfo/', Array, true)
#1 /var/www/jiaoyou/protected/modules/home/controllers/HomeController.php(53): CController->render('/userinfo/', Array)
#2 [internal function]: HomeController->actionShowinfo('1')
#3 /data/php/framework/core/web/actions/CAction.php(107): ReflectionMethod->invokeArgs(Object(HomeController), Array)
#4 /data/php/framework/core/web/actions/CInlineAction.php(48): CAction->runWithParamsInternal(Object(HomeController), Object(ReflectionMethod), Array)
#5 /data/php/framework/core/web/CController.php(308): CInlineAction->runWithParams(Array)
#6 /data/php/framework/core/web/CController.php(286): CController->runAction(Object(CInlineAction))
#7 /data/php/framework/core/web/CController.php(265): CController->runActionWithFilters(Object(CInlineAction), NULL)
#8 /data/php/framework/core/web/CWebApplication.php(283): CController->run('showinfo')
#9 /data/php/framework/core/web/CWebApplication.php(142): CWebApplication->runController('home/home/showi...')
#10 /data/php/framework/core/CApplication.php(160): CWebApplication->processRequest()
#11 /var/www/jiaoyou/index.php(18): CApplication->run()
#12 {main}
REQUEST_URI=/home/home/showinfo?id=1
HTTP_REFERER=http://jiaoyou.qq.com/home/home/home
2014/04/29 18:14:10 [trace] [system.CModule] Loading "errorHandler" application component
2014/04/29 18:14:25 [trace] [system.CModule] Loading "log" application component
in /var/www/jiaoyou/index.php (18)
2014/04/29 18:14:25 [trace] [system.CModule] Loading "request" application component
in /var/www/jiaoyou/index.php (18)
2014/04/29 18:14:25 [trace] [system.CModule] Loading "urlManager" application component
in /var/www/jiaoyou/index.php (18)
2014/04/29 18:14:25 [trace] [system.base.CModule] Loading "home" module
in /var/www/jiaoyou/index.php (18)
2014/04/29 18:14:25 [trace] [system.CModule] Loading "db" application component
in /var/www/jiaoyou/protected/models/Userinfo.php (11)
in /var/www/jiaoyou/protected/components/QQ.php (5)
in /var/www/jiaoyou/protected/modules/home/components/CHomeController.php (17)
2014/04/29 18:14:25 [trace] [system.db.CDbCommand] Querying SQL: SHOW COLUMNS FROM `love_userinfo`
in /var/www/jiaoyou/protected/models/Userinfo.php (11)
in /var/www/jiaoyou/protected/components/QQ.php (5)
in /var/www/jiaoyou/protected/modules/home/components/CHomeController.php (17)
2014/04/29 18:14:25 [trace] [system.db.CDbConnection] Opening DB:master connection
in /var/www/jiaoyou/protected/models/Userinfo.php (11)
in /var/www/jiaoyou/protected/components/QQ.php (5)
in /var/www/jiaoyou/protected/modules/home/components/CHomeController.php (17)
2014/04/29 18:14:25 [trace] [system.CModule] Loading "nameService" application component
in /var/www/jiaoyou/protected/models/Userinfo.php (11)
in /var/www/jiaoyou/protected/components/QQ.php (5)
in /var/www/jiaoyou/protected/modules/home/components/CHomeController.php (17)
2014/04/29 18:14:25 [trace] [system.db.CDbCommand] Querying SQL: SHOW CREATE TABLE `love_userinfo`
in /var/www/jiaoyou/protected/models/Userinfo.php (11)
in /var/www/jiaoyou/protected/components/QQ.php (5)
in /var/www/jiaoyou/protected/modules/home/components/CHomeController.php (17)
2014/04/29 18:14:25 [trace] [system.db.ar.CActiveRecord] Userinfo.find()
in /var/www/jiaoyou/protected/components/QQ.php (8)
in /var/www/jiaoyou/protected/modules/home/components/CHomeController.php (17)
in /var/www/jiaoyou/index.php (18)
2014/04/29 18:14:25 [trace] [system.db.CDbCommand] Querying SQL: SELECT valid FROM `love_userinfo` `t` WHERE qqnum=157581768 LIMIT 1
in /var/www/jiaoyou/protected/components/QQ.php (8)
in /var/www/jiaoyou/protected/modules/home/components/CHomeController.php (17)
in /var/www/jiaoyou/index.php (18)
2014/04/29 18:14:25 [trace] [system.db.ar.CActiveRecord] Userinfo.find()
in /var/www/jiaoyou/protected/modules/home/controllers/HomeController.php (22)
in /var/www/jiaoyou/protected/modules/home/controllers/HomeController.php (45)
in /var/www/jiaoyou/protected/modules/home/controllers/HomeController.php (49)
2014/04/29 18:14:25 [trace] [system.db.CDbCommand] Querying SQL: SELECT id,nickname,age,location,sex,photo,height,profession,introduce,request FROM `love_userinfo` `t` WHERE id=1 LIMIT 1
in /var/www/jiaoyou/protected/modules/home/controllers/HomeController.php (22)
in /var/www/jiaoyou/protected/modules/home/controllers/HomeController.php (45)
in /var/www/jiaoyou/protected/modules/home/controllers/HomeController.php (49)
2014/04/29 18:14:25 [trace] [system.CModule] Loading "clientScript" application component
in /var/www/jiaoyou/protected/modules/home/controllers/HomeController.php (53)
in /var/www/jiaoyou/index.php (18)
2014/04/29 18:14:25 [trace] [system.CModule] Loading "log" application component
in /var/www/jiaoyou/index.php (18)
2014/04/29 18:14:25 [trace] [system.CModule] Loading "request" application component
in /var/www/jiaoyou/index.php (18)
2014/04/29 18:14:25 [trace] [system.CModule] Loading "urlManager" application component
in /var/www/jiaoyou/index.php (18)
2014/04/29 18:14:25 [trace] [system.base.CModule] Loading "home" module
in /var/www/jiaoyou/index.php (18)
2014/04/29 18:14:25 [trace] [system.CModule] Loading "db" application component
in /var/www/jiaoyou/protected/models/Userinfo.php (11)
in /var/www/jiaoyou/protected/components/QQ.php (5)
in /var/www/jiaoyou/protected/modules/home/components/CHomeController.php (17)
2014/04/29 18:14:25 [trace] [system.db.CDbCommand] Querying SQL: SHOW COLUMNS FROM `love_userinfo`
in /var/www/jiaoyou/protected/models/Userinfo.php (11)
in /var/www/jiaoyou/protected/components/QQ.php (5)
in /var/www/jiaoyou/protected/modules/home/components/CHomeController.php (17)
2014/04/29 18:14:25 [trace] [system.db.CDbConnection] Opening DB:master connection
in /var/www/jiaoyou/protected/models/Userinfo.php (11)
in /var/www/jiaoyou/protected/components/QQ.php (5)
in /var/www/jiaoyou/protected/modules/home/components/CHomeController.php (17)
2014/04/29 18:14:25 [trace] [system.CModule] Loading "nameService" application component
in /var/www/jiaoyou/protected/models/Userinfo.php (11)
in /var/www/jiaoyou/protected/components/QQ.php (5)
in /var/www/jiaoyou/protected/modules/home/components/CHomeController.php (17)
2014/04/29 18:14:25 [trace] [system.db.CDbCommand] Querying SQL: SHOW CREATE TABLE `love_userinfo`
in /var/www/jiaoyou/protected/models/Userinfo.php (11)
in /var/www/jiaoyou/protected/components/QQ.php (5)
in /var/www/jiaoyou/protected/modules/home/components/CHomeController.php (17)
2014/04/29 18:14:25 [trace] [system.db.ar.CActiveRecord] Userinfo.find()
in /var/www/jiaoyou/protected/components/QQ.php (8)
in /var/www/jiaoyou/protected/modules/home/components/CHomeController.php (17)
in /var/www/jiaoyou/index.php (18)
2014/04/29 18:14:25 [trace] [system.db.CDbCommand] Querying SQL: SELECT valid FROM `love_userinfo` `t` WHERE qqnum=157581768 LIMIT 1
in /var/www/jiaoyou/protected/components/QQ.php (8)
in /var/www/jiaoyou/protected/modules/home/components/CHomeController.php (17)
in /var/www/jiaoyou/index.php (18)
2014/04/29 18:14:25 [trace] [system.db.ar.CActiveRecord] Userinfo.find()
in /var/www/jiaoyou/protected/modules/home/controllers/HomeController.php (22)
in /var/www/jiaoyou/protected/modules/home/controllers/HomeController.php (45)
in /var/www/jiaoyou/protected/modules/home/controllers/HomeController.php (49)
2014/04/29 18:14:25 [trace] [system.db.CDbCommand] Querying SQL: SELECT id,nickname,age,location,sex,photo,height,profession,introduce,request FROM `love_userinfo` `t` WHERE id=1 LIMIT 1
in /var/www/jiaoyou/protected/modules/home/controllers/HomeController.php (22)
in /var/www/jiaoyou/protected/modules/home/controllers/HomeController.php (45)
in /var/www/jiaoyou/protected/modules/home/controllers/HomeController.php (49)
2014/04/29 18:14:25 [trace] [system.CModule] Loading "clientScript" application component
in /var/www/jiaoyou/protected/modules/home/controllers/HomeController.php (53)
in /var/www/jiaoyou/index.php (18)
2014/04/29 18:25:33 [trace] [system.CModule] Loading "log" application component
in /var/www/jiaoyou/index.php (18)
2014/04/29 18:25:33 [trace] [system.CModule] Loading "request" application component
in /var/www/jiaoyou/index.php (18)
2014/04/29 18:25:33 [trace] [system.CModule] Loading "urlManager" application component
in /var/www/jiaoyou/index.php (18)
2014/04/29 18:25:33 [trace] [system.base.CModule] Loading "home" module
in /var/www/jiaoyou/index.php (18)
2014/04/29 18:25:33 [trace] [system.CModule] Loading "db" application component
in /var/www/jiaoyou/protected/models/Userinfo.php (11)
in /var/www/jiaoyou/protected/components/QQ.php (5)
in /var/www/jiaoyou/protected/modules/home/components/CHomeController.php (17)
2014/04/29 18:25:33 [trace] [system.db.CDbCommand] Querying SQL: SHOW COLUMNS FROM `love_userinfo`
in /var/www/jiaoyou/protected/models/Userinfo.php (11)
in /var/www/jiaoyou/protected/components/QQ.php (5)
in /var/www/jiaoyou/protected/modules/home/components/CHomeController.php (17)
2014/04/29 18:25:33 [trace] [system.db.CDbConnection] Opening DB:master connection
in /var/www/jiaoyou/protected/models/Userinfo.php (11)
in /var/www/jiaoyou/protected/components/QQ.php (5)
in /var/www/jiaoyou/protected/modules/home/components/CHomeController.php (17)
2014/04/29 18:25:33 [trace] [system.CModule] Loading "nameService" application component
in /var/www/jiaoyou/protected/models/Userinfo.php (11)
in /var/www/jiaoyou/protected/components/QQ.php (5)
in /var/www/jiaoyou/protected/modules/home/components/CHomeController.php (17)
2014/04/29 18:25:33 [trace] [system.db.CDbCommand] Querying SQL: SHOW CREATE TABLE `love_userinfo`
in /var/www/jiaoyou/protected/models/Userinfo.php (11)
in /var/www/jiaoyou/protected/components/QQ.php (5)
in /var/www/jiaoyou/protected/modules/home/components/CHomeController.php (17)
2014/04/29 18:25:33 [trace] [system.db.ar.CActiveRecord] Userinfo.find()
in /var/www/jiaoyou/protected/components/QQ.php (8)
in /var/www/jiaoyou/protected/modules/home/components/CHomeController.php (17)
in /var/www/jiaoyou/index.php (18)
2014/04/29 18:25:33 [trace] [system.db.CDbCommand] Querying SQL: SELECT valid FROM `love_userinfo` `t` WHERE qqnum=157581768 LIMIT 1
in /var/www/jiaoyou/protected/components/QQ.php (8)
in /var/www/jiaoyou/protected/modules/home/components/CHomeController.php (17)
in /var/www/jiaoyou/index.php (18)
2014/04/29 18:25:33 [trace] [system.db.ar.CActiveRecord] Userinfo.find()
in /var/www/jiaoyou/protected/modules/home/controllers/HomeController.php (22)
in /var/www/jiaoyou/protected/modules/home/controllers/HomeController.php (45)
in /var/www/jiaoyou/protected/modules/home/controllers/HomeController.php (49)
2014/04/29 18:25:33 [trace] [system.db.CDbCommand] Querying SQL: SELECT id,nickname,age,location,sex,photo,height,profession,introduce,request FROM `love_userinfo` `t` WHERE id=1 LIMIT 1
in /var/www/jiaoyou/protected/modules/home/controllers/HomeController.php (22)
in /var/www/jiaoyou/protected/modules/home/controllers/HomeController.php (45)
in /var/www/jiaoyou/protected/modules/home/controllers/HomeController.php (49)
2014/04/29 18:25:33 [trace] [system.CModule] Loading "coreMessages" application component
in /var/www/jiaoyou/protected/modules/home/controllers/HomeController.php (58)
in /var/www/jiaoyou/protected/modules/home/controllers/HomeController.php (58)
in /var/www/jiaoyou/index.php (18)
2014/04/29 18:25:33 [error] [exception.CException] exception 'CException' with message 'HomeController and its behaviors do not have a method or closure named "location".' in /data/php/framework/core/CComponent.php:266
Stack trace:
#0 /var/www/jiaoyou/protected/modules/home/controllers/HomeController.php(58): CComponent->__call('location', Array)
#1 /var/www/jiaoyou/protected/modules/home/controllers/HomeController.php(58): HomeController->location('2')
#2 [internal function]: HomeController->actionShowinfo('1')
#3 /data/php/framework/core/web/actions/CAction.php(107): ReflectionMethod->invokeArgs(Object(HomeController), Array)
#4 /data/php/framework/core/web/actions/CInlineAction.php(48): CAction->runWithParamsInternal(Object(HomeController), Object(ReflectionMethod), Array)
#5 /data/php/framework/core/web/CController.php(308): CInlineAction->runWithParams(Array)
#6 /data/php/framework/core/web/CController.php(286): CController->runAction(Object(CInlineAction))
#7 /data/php/framework/core/web/CController.php(265): CController->runActionWithFilters(Object(CInlineAction), NULL)
#8 /data/php/framework/core/web/CWebApplication.php(283): CController->run('showinfo')
#9 /data/php/framework/core/web/CWebApplication.php(142): CWebApplication->runController('home/home/showi...')
#10 /data/php/framework/core/CApplication.php(160): CWebApplication->processRequest()
#11 /var/www/jiaoyou/index.php(18): CApplication->run()
#12 {main}
REQUEST_URI=/home/home/showinfo?id=1
HTTP_REFERER=http://jiaoyou.qq.com/home/home/home
2014/04/29 18:25:33 [trace] [system.CModule] Loading "errorHandler" application component
2014/04/29 18:25:33 [trace] [system.CModule] Loading "log" application component
in /var/www/jiaoyou/index.php (18)
2014/04/29 18:25:33 [trace] [system.CModule] Loading "request" application component
in /var/www/jiaoyou/index.php (18)
2014/04/29 18:25:33 [trace] [system.CModule] Loading "urlManager" application component
in /var/www/jiaoyou/index.php (18)
2014/04/29 18:25:33 [trace] [system.base.CModule] Loading "home" module
in /var/www/jiaoyou/index.php (18)
2014/04/29 18:25:33 [trace] [system.CModule] Loading "db" application component
in /var/www/jiaoyou/protected/models/Userinfo.php (11)
in /var/www/jiaoyou/protected/components/QQ.php (5)
in /var/www/jiaoyou/protected/modules/home/components/CHomeController.php (17)
2014/04/29 18:25:33 [trace] [system.db.CDbCommand] Querying SQL: SHOW COLUMNS FROM `love_userinfo`
in /var/www/jiaoyou/protected/models/Userinfo.php (11)
in /var/www/jiaoyou/protected/components/QQ.php (5)
in /var/www/jiaoyou/protected/modules/home/components/CHomeController.php (17)
2014/04/29 18:25:33 [trace] [system.db.CDbConnection] Opening DB:master connection
in /var/www/jiaoyou/protected/models/Userinfo.php (11)
in /var/www/jiaoyou/protected/components/QQ.php (5)
in /var/www/jiaoyou/protected/modules/home/components/CHomeController.php (17)
2014/04/29 18:25:33 [trace] [system.CModule] Loading "nameService" application component
in /var/www/jiaoyou/protected/models/Userinfo.php (11)
in /var/www/jiaoyou/protected/components/QQ.php (5)
in /var/www/jiaoyou/protected/modules/home/components/CHomeController.php (17)
2014/04/29 18:25:33 [trace] [system.db.CDbCommand] Querying SQL: SHOW CREATE TABLE `love_userinfo`
in /var/www/jiaoyou/protected/models/Userinfo.php (11)
in /var/www/jiaoyou/protected/components/QQ.php (5)
in /var/www/jiaoyou/protected/modules/home/components/CHomeController.php (17)
2014/04/29 18:25:33 [trace] [system.db.ar.CActiveRecord] Userinfo.find()
in /var/www/jiaoyou/protected/components/QQ.php (8)
in /var/www/jiaoyou/protected/modules/home/components/CHomeController.php (17)
in /var/www/jiaoyou/index.php (18)
2014/04/29 18:25:33 [trace] [system.db.CDbCommand] Querying SQL: SELECT valid FROM `love_userinfo` `t` WHERE qqnum=157581768 LIMIT 1
in /var/www/jiaoyou/protected/components/QQ.php (8)
in /var/www/jiaoyou/protected/modules/home/components/CHomeController.php (17)
in /var/www/jiaoyou/index.php (18)
2014/04/29 18:25:33 [trace] [system.db.ar.CActiveRecord] Userinfo.find()
in /var/www/jiaoyou/protected/modules/home/controllers/HomeController.php (22)
in /var/www/jiaoyou/protected/modules/home/controllers/HomeController.php (45)
in /var/www/jiaoyou/protected/modules/home/controllers/HomeController.php (49)
2014/04/29 18:25:33 [trace] [system.db.CDbCommand] Querying SQL: SELECT id,nickname,age,location,sex,photo,height,profession,introduce,request FROM `love_userinfo` `t` WHERE id=1 LIMIT 1
in /var/www/jiaoyou/protected/modules/home/controllers/HomeController.php (22)
in /var/www/jiaoyou/protected/modules/home/controllers/HomeController.php (45)
in /var/www/jiaoyou/protected/modules/home/controllers/HomeController.php (49)
2014/04/29 18:25:33 [trace] [system.CModule] Loading "coreMessages" application component
in /var/www/jiaoyou/protected/modules/home/controllers/HomeController.php (58)
in /var/www/jiaoyou/protected/modules/home/controllers/HomeController.php (58)
in /var/www/jiaoyou/index.php (18)
2014/04/29 18:25:33 [error] [exception.CException] exception 'CException' with message 'HomeController and its behaviors do not have a method or closure named "location".' in /data/php/framework/core/CComponent.php:266
Stack trace:
#0 /var/www/jiaoyou/protected/modules/home/controllers/HomeController.php(58): CComponent->__call('location', Array)
#1 /var/www/jiaoyou/protected/modules/home/controllers/HomeController.php(58): HomeController->location('2')
#2 [internal function]: HomeController->actionShowinfo('1')
#3 /data/php/framework/core/web/actions/CAction.php(107): ReflectionMethod->invokeArgs(Object(HomeController), Array)
#4 /data/php/framework/core/web/actions/CInlineAction.php(48): CAction->runWithParamsInternal(Object(HomeController), Object(ReflectionMethod), Array)
#5 /data/php/framework/core/web/CController.php(308): CInlineAction->runWithParams(Array)
#6 /data/php/framework/core/web/CController.php(286): CController->runAction(Object(CInlineAction))
#7 /data/php/framework/core/web/CController.php(265): CController->runActionWithFilters(Object(CInlineAction), NULL)
#8 /data/php/framework/core/web/CWebApplication.php(283): CController->run('showinfo')
#9 /data/php/framework/core/web/CWebApplication.php(142): CWebApplication->runController('home/home/showi...')
#10 /data/php/framework/core/CApplication.php(160): CWebApplication->processRequest()
#11 /var/www/jiaoyou/index.php(18): CApplication->run()
#12 {main}
REQUEST_URI=/home/home/showinfo?id=1
HTTP_REFERER=http://jiaoyou.qq.com/home/home/home
2014/04/29 18:25:33 [trace] [system.CModule] Loading "errorHandler" application component
2014/04/29 18:25:57 [trace] [system.CModule] Loading "log" application component
in /var/www/jiaoyou/index.php (18)
2014/04/29 18:25:57 [trace] [system.CModule] Loading "request" application component
in /var/www/jiaoyou/index.php (18)
2014/04/29 18:25:57 [trace] [system.CModule] Loading "urlManager" application component
in /var/www/jiaoyou/index.php (18)
2014/04/29 18:25:57 [trace] [system.base.CModule] Loading "home" module
in /var/www/jiaoyou/index.php (18)
2014/04/29 18:25:57 [trace] [system.CModule] Loading "db" application component
in /var/www/jiaoyou/protected/models/Userinfo.php (11)
in /var/www/jiaoyou/protected/components/QQ.php (5)
in /var/www/jiaoyou/protected/modules/home/components/CHomeController.php (17)
2014/04/29 18:25:57 [trace] [system.db.CDbCommand] Querying SQL: SHOW COLUMNS FROM `love_userinfo`
in /var/www/jiaoyou/protected/models/Userinfo.php (11)
in /var/www/jiaoyou/protected/components/QQ.php (5)
in /var/www/jiaoyou/protected/modules/home/components/CHomeController.php (17)
2014/04/29 18:25:57 [trace] [system.db.CDbConnection] Opening DB:master connection
in /var/www/jiaoyou/protected/models/Userinfo.php (11)
in /var/www/jiaoyou/protected/components/QQ.php (5)
in /var/www/jiaoyou/protected/modules/home/components/CHomeController.php (17)
2014/04/29 18:25:57 [trace] [system.CModule] Loading "nameService" application component
in /var/www/jiaoyou/protected/models/Userinfo.php (11)
in /var/www/jiaoyou/protected/components/QQ.php (5)
in /var/www/jiaoyou/protected/modules/home/components/CHomeController.php (17)
2014/04/29 18:25:57 [trace] [system.db.CDbCommand] Querying SQL: SHOW CREATE TABLE `love_userinfo`
in /var/www/jiaoyou/protected/models/Userinfo.php (11)
in /var/www/jiaoyou/protected/components/QQ.php (5)
in /var/www/jiaoyou/protected/modules/home/components/CHomeController.php (17)
2014/04/29 18:25:57 [trace] [system.db.ar.CActiveRecord] Userinfo.find()
in /var/www/jiaoyou/protected/components/QQ.php (8)
in /var/www/jiaoyou/protected/modules/home/components/CHomeController.php (17)
in /var/www/jiaoyou/index.php (18)
2014/04/29 18:25:57 [trace] [system.db.CDbCommand] Querying SQL: SELECT valid FROM `love_userinfo` `t` WHERE qqnum=157581768 LIMIT 1
in /var/www/jiaoyou/protected/components/QQ.php (8)
in /var/www/jiaoyou/protected/modules/home/components/CHomeController.php (17)
in /var/www/jiaoyou/index.php (18)
2014/04/29 18:25:57 [trace] [system.db.ar.CActiveRecord] Userinfo.find()
in /var/www/jiaoyou/protected/modules/home/controllers/HomeController.php (22)
in /var/www/jiaoyou/protected/modules/home/controllers/HomeController.php (45)
in /var/www/jiaoyou/protected/modules/home/controllers/HomeController.php (49)
2014/04/29 18:25:57 [trace] [system.db.CDbCommand] Querying SQL: SELECT id,nickname,age,location,sex,photo,height,profession,introduce,request FROM `love_userinfo` `t` WHERE id=1 LIMIT 1
in /var/www/jiaoyou/protected/modules/home/controllers/HomeController.php (22)
in /var/www/jiaoyou/protected/modules/home/controllers/HomeController.php (45)
in /var/www/jiaoyou/protected/modules/home/controllers/HomeController.php (49)
2014/04/29 18:25:57 [trace] [system.CModule] Loading "coreMessages" application component
in /var/www/jiaoyou/protected/modules/home/controllers/HomeController.php (58)
in /var/www/jiaoyou/protected/modules/home/controllers/HomeController.php (58)
in /var/www/jiaoyou/index.php (18)
2014/04/29 18:25:57 [error] [exception.CException] exception 'CException' with message 'HomeController and its behaviors do not have a method or closure named "location".' in /data/php/framework/core/CComponent.php:266
Stack trace:
#0 /var/www/jiaoyou/protected/modules/home/controllers/HomeController.php(58): CComponent->__call('location', Array)
#1 /var/www/jiaoyou/protected/modules/home/controllers/HomeController.php(58): HomeController->location('2')
#2 [internal function]: HomeController->actionShowinfo('1')
#3 /data/php/framework/core/web/actions/CAction.php(107): ReflectionMethod->invokeArgs(Object(HomeController), Array)
#4 /data/php/framework/core/web/actions/CInlineAction.php(48): CAction->runWithParamsInternal(Object(HomeController), Object(ReflectionMethod), Array)
#5 /data/php/framework/core/web/CController.php(308): CInlineAction->runWithParams(Array)
#6 /data/php/framework/core/web/CController.php(286): CController->runAction(Object(CInlineAction))
#7 /data/php/framework/core/web/CController.php(265): CController->runActionWithFilters(Object(CInlineAction), NULL)
#8 /data/php/framework/core/web/CWebApplication.php(283): CController->run('showinfo')
#9 /data/php/framework/core/web/CWebApplication.php(142): CWebApplication->runController('home/home/showi...')
#10 /data/php/framework/core/CApplication.php(160): CWebApplication->processRequest()
#11 /var/www/jiaoyou/index.php(18): CApplication->run()
#12 {main}
REQUEST_URI=/home/home/showinfo?id=1
HTTP_REFERER=http://jiaoyou.qq.com/home/home/home
2014/04/29 18:25:57 [trace] [system.CModule] Loading "errorHandler" application component
2014/04/29 18:25:57 [trace] [system.CModule] Loading "log" application component
in /var/www/jiaoyou/index.php (18)
2014/04/29 18:25:57 [trace] [system.CModule] Loading "request" application component
in /var/www/jiaoyou/index.php (18)
2014/04/29 18:25:57 [trace] [system.CModule] Loading "urlManager" application component
in /var/www/jiaoyou/index.php (18)
2014/04/29 18:25:57 [trace] [system.base.CModule] Loading "home" module
in /var/www/jiaoyou/index.php (18)
2014/04/29 18:25:57 [trace] [system.CModule] Loading "db" application component
in /var/www/jiaoyou/protected/models/Userinfo.php (11)
in /var/www/jiaoyou/protected/components/QQ.php (5)
in /var/www/jiaoyou/protected/modules/home/components/CHomeController.php (17)
2014/04/29 18:25:57 [trace] [system.db.CDbCommand] Querying SQL: SHOW COLUMNS FROM `love_userinfo`
in /var/www/jiaoyou/protected/models/Userinfo.php (11)
in /var/www/jiaoyou/protected/components/QQ.php (5)
in /var/www/jiaoyou/protected/modules/home/components/CHomeController.php (17)
2014/04/29 18:25:57 [trace] [system.db.CDbConnection] Opening DB:master connection
in /var/www/jiaoyou/protected/models/Userinfo.php (11)
in /var/www/jiaoyou/protected/components/QQ.php (5)
in /var/www/jiaoyou/protected/modules/home/components/CHomeController.php (17)
2014/04/29 18:25:57 [trace] [system.CModule] Loading "nameService" application component
in /var/www/jiaoyou/protected/models/Userinfo.php (11)
in /var/www/jiaoyou/protected/components/QQ.php (5)
in /var/www/jiaoyou/protected/modules/home/components/CHomeController.php (17)
2014/04/29 18:25:57 [trace] [system.db.CDbCommand] Querying SQL: SHOW CREATE TABLE `love_userinfo`
in /var/www/jiaoyou/protected/models/Userinfo.php (11)
in /var/www/jiaoyou/protected/components/QQ.php (5)
in /var/www/jiaoyou/protected/modules/home/components/CHomeController.php (17)
2014/04/29 18:25:57 [trace] [system.db.ar.CActiveRecord] Userinfo.find()
in /var/www/jiaoyou/protected/components/QQ.php (8)
in /var/www/jiaoyou/protected/modules/home/components/CHomeController.php (17)
in /var/www/jiaoyou/index.php (18)
2014/04/29 18:25:57 [trace] [system.db.CDbCommand] Querying SQL: SELECT valid FROM `love_userinfo` `t` WHERE qqnum=157581768 LIMIT 1
in /var/www/jiaoyou/protected/components/QQ.php (8)
in /var/www/jiaoyou/protected/modules/home/components/CHomeController.php (17)
in /var/www/jiaoyou/index.php (18)
2014/04/29 18:25:57 [trace] [system.db.ar.CActiveRecord] Userinfo.find()
in /var/www/jiaoyou/protected/modules/home/controllers/HomeController.php (22)
in /var/www/jiaoyou/protected/modules/home/controllers/HomeController.php (45)
in /var/www/jiaoyou/protected/modules/home/controllers/HomeController.php (49)
2014/04/29 18:25:57 [trace] [system.db.CDbCommand] Querying SQL: SELECT id,nickname,age,location,sex,photo,height,profession,introduce,request FROM `love_userinfo` `t` WHERE id=1 LIMIT 1
in /var/www/jiaoyou/protected/modules/home/controllers/HomeController.php (22)
in /var/www/jiaoyou/protected/modules/home/controllers/HomeController.php (45)
in /var/www/jiaoyou/protected/modules/home/controllers/HomeController.php (49)
2014/04/29 18:25:57 [trace] [system.CModule] Loading "coreMessages" application component
in /var/www/jiaoyou/protected/modules/home/controllers/HomeController.php (58)
in /var/www/jiaoyou/protected/modules/home/controllers/HomeController.php (58)
in /var/www/jiaoyou/index.php (18)
2014/04/29 18:25:57 [error] [exception.CException] exception 'CException' with message 'HomeController and its behaviors do not have a method or closure named "location".' in /data/php/framework/core/CComponent.php:266
Stack trace:
#0 /var/www/jiaoyou/protected/modules/home/controllers/HomeController.php(58): CComponent->__call('location', Array)
#1 /var/www/jiaoyou/protected/modules/home/controllers/HomeController.php(58): HomeController->location('2')
#2 [internal function]: HomeController->actionShowinfo('1')
#3 /data/php/framework/core/web/actions/CAction.php(107): ReflectionMethod->invokeArgs(Object(HomeController), Array)
#4 /data/php/framework/core/web/actions/CInlineAction.php(48): CAction->runWithParamsInternal(Object(HomeController), Object(ReflectionMethod), Array)
#5 /data/php/framework/core/web/CController.php(308): CInlineAction->runWithParams(Array)
#6 /data/php/framework/core/web/CController.php(286): CController->runAction(Object(CInlineAction))
#7 /data/php/framework/core/web/CController.php(265): CController->runActionWithFilters(Object(CInlineAction), NULL)
#8 /data/php/framework/core/web/CWebApplication.php(283): CController->run('showinfo')
#9 /data/php/framework/core/web/CWebApplication.php(142): CWebApplication->runController('home/home/showi...')
#10 /data/php/framework/core/CApplication.php(160): CWebApplication->processRequest()
#11 /var/www/jiaoyou/index.php(18): CApplication->run()
#12 {main}
REQUEST_URI=/home/home/showinfo?id=1
HTTP_REFERER=http://jiaoyou.qq.com/home/home/home
2014/04/29 18:25:57 [trace] [system.CModule] Loading "errorHandler" application component
2014/04/29 18:25:57 [trace] [system.CModule] Loading "log" application component
in /var/www/jiaoyou/index.php (18)
2014/04/29 18:25:57 [trace] [system.CModule] Loading "request" application component
in /var/www/jiaoyou/index.php (18)
2014/04/29 18:25:57 [trace] [system.CModule] Loading "urlManager" application component
in /var/www/jiaoyou/index.php (18)
2014/04/29 18:25:57 [trace] [system.base.CModule] Loading "home" module
in /var/www/jiaoyou/index.php (18)
2014/04/29 18:25:57 [trace] [system.CModule] Loading "db" application component
in /var/www/jiaoyou/protected/models/Userinfo.php (11)
in /var/www/jiaoyou/protected/components/QQ.php (5)
in /var/www/jiaoyou/protected/modules/home/components/CHomeController.php (17)
2014/04/29 18:25:57 [trace] [system.db.CDbCommand] Querying SQL: SHOW COLUMNS FROM `love_userinfo`
in /var/www/jiaoyou/protected/models/Userinfo.php (11)
in /var/www/jiaoyou/protected/components/QQ.php (5)
in /var/www/jiaoyou/protected/modules/home/components/CHomeController.php (17)
2014/04/29 18:25:57 [trace] [system.db.CDbConnection] Opening DB:master connection
in /var/www/jiaoyou/protected/models/Userinfo.php (11)
in /var/www/jiaoyou/protected/components/QQ.php (5)
in /var/www/jiaoyou/protected/modules/home/components/CHomeController.php (17)
2014/04/29 18:25:57 [trace] [system.CModule] Loading "nameService" application component
in /var/www/jiaoyou/protected/models/Userinfo.php (11)
in /var/www/jiaoyou/protected/components/QQ.php (5)
in /var/www/jiaoyou/protected/modules/home/components/CHomeController.php (17)
2014/04/29 18:25:57 [trace] [system.db.CDbCommand] Querying SQL: SHOW CREATE TABLE `love_userinfo`
in /var/www/jiaoyou/protected/models/Userinfo.php (11)
in /var/www/jiaoyou/protected/components/QQ.php (5)
in /var/www/jiaoyou/protected/modules/home/components/CHomeController.php (17)
2014/04/29 18:25:57 [trace] [system.db.ar.CActiveRecord] Userinfo.find()
in /var/www/jiaoyou/protected/components/QQ.php (8)
in /var/www/jiaoyou/protected/modules/home/components/CHomeController.php (17)
in /var/www/jiaoyou/index.php (18)
2014/04/29 18:25:57 [trace] [system.db.CDbCommand] Querying SQL: SELECT valid FROM `love_userinfo` `t` WHERE qqnum=157581768 LIMIT 1
in /var/www/jiaoyou/protected/components/QQ.php (8)
in /var/www/jiaoyou/protected/modules/home/components/CHomeController.php (17)
in /var/www/jiaoyou/index.php (18)
2014/04/29 18:25:57 [trace] [system.db.ar.CActiveRecord] Userinfo.find()
in /var/www/jiaoyou/protected/modules/home/controllers/HomeController.php (22)
in /var/www/jiaoyou/protected/modules/home/controllers/HomeController.php (45)
in /var/www/jiaoyou/protected/modules/home/controllers/HomeController.php (49)
2014/04/29 18:25:57 [trace] [system.db.CDbCommand] Querying SQL: SELECT id,nickname,age,location,sex,photo,height,profession,introduce,request FROM `love_userinfo` `t` WHERE id=1 LIMIT 1
in /var/www/jiaoyou/protected/modules/home/controllers/HomeController.php (22)
in /var/www/jiaoyou/protected/modules/home/controllers/HomeController.php (45)
in /var/www/jiaoyou/protected/modules/home/controllers/HomeController.php (49)
2014/04/29 18:25:57 [trace] [system.CModule] Loading "coreMessages" application component
in /var/www/jiaoyou/protected/modules/home/controllers/HomeController.php (58)
in /var/www/jiaoyou/protected/modules/home/controllers/HomeController.php (58)
in /var/www/jiaoyou/index.php (18)
2014/04/29 18:25:57 [error] [exception.CException] exception 'CException' with message 'HomeController and its behaviors do not have a method or closure named "location".' in /data/php/framework/core/CComponent.php:266
Stack trace:
#0 /var/www/jiaoyou/protected/modules/home/controllers/HomeController.php(58): CComponent->__call('location', Array)
#1 /var/www/jiaoyou/protected/modules/home/controllers/HomeController.php(58): HomeController->location('2')
#2 [internal function]: HomeController->actionShowinfo('1')
#3 /data/php/framework/core/web/actions/CAction.php(107): ReflectionMethod->invokeArgs(Object(HomeController), Array)
#4 /data/php/framework/core/web/actions/CInlineAction.php(48): CAction->runWithParamsInternal(Object(HomeController), Object(ReflectionMethod), Array)
#5 /data/php/framework/core/web/CController.php(308): CInlineAction->runWithParams(Array)
#6 /data/php/framework/core/web/CController.php(286): CController->runAction(Object(CInlineAction))
#7 /data/php/framework/core/web/CController.php(265): CController->runActionWithFilters(Object(CInlineAction), NULL)
#8 /data/php/framework/core/web/CWebApplication.php(283): CController->run('showinfo')
#9 /data/php/framework/core/web/CWebApplication.php(142): CWebApplication->runController('home/home/showi...')
#10 /data/php/framework/core/CApplication.php(160): CWebApplication->processRequest()
#11 /var/www/jiaoyou/index.php(18): CApplication->run()
#12 {main}
REQUEST_URI=/home/home/showinfo?id=1
HTTP_REFERER=http://jiaoyou.qq.com/home/home/home
2014/04/29 18:25:57 [trace] [system.CModule] Loading "errorHandler" application component
2014/04/29 18:25:57 [trace] [system.CModule] Loading "log" application component
in /var/www/jiaoyou/index.php (18)
2014/04/29 18:25:57 [trace] [system.CModule] Loading "request" application component
in /var/www/jiaoyou/index.php (18)
2014/04/29 18:25:57 [trace] [system.CModule] Loading "urlManager" application component
in /var/www/jiaoyou/index.php (18)
2014/04/29 18:25:57 [trace] [system.base.CModule] Loading "home" module
in /var/www/jiaoyou/index.php (18)
2014/04/29 18:25:57 [trace] [system.CModule] Loading "db" application component
in /var/www/jiaoyou/protected/models/Userinfo.php (11)
in /var/www/jiaoyou/protected/components/QQ.php (5)
in /var/www/jiaoyou/protected/modules/home/components/CHomeController.php (17)
2014/04/29 18:25:57 [trace] [system.db.CDbCommand] Querying SQL: SHOW COLUMNS FROM `love_userinfo`
in /var/www/jiaoyou/protected/models/Userinfo.php (11)
in /var/www/jiaoyou/protected/components/QQ.php (5)
in /var/www/jiaoyou/protected/modules/home/components/CHomeController.php (17)
2014/04/29 18:25:57 [trace] [system.db.CDbConnection] Opening DB:master connection
in /var/www/jiaoyou/protected/models/Userinfo.php (11)
in /var/www/jiaoyou/protected/components/QQ.php (5)
in /var/www/jiaoyou/protected/modules/home/components/CHomeController.php (17)
2014/04/29 18:25:57 [trace] [system.CModule] Loading "nameService" application component
in /var/www/jiaoyou/protected/models/Userinfo.php (11)
in /var/www/jiaoyou/protected/components/QQ.php (5)
in /var/www/jiaoyou/protected/modules/home/components/CHomeController.php (17)
2014/04/29 18:25:57 [trace] [system.db.CDbCommand] Querying SQL: SHOW CREATE TABLE `love_userinfo`
in /var/www/jiaoyou/protected/models/Userinfo.php (11)
in /var/www/jiaoyou/protected/components/QQ.php (5)
in /var/www/jiaoyou/protected/modules/home/components/CHomeController.php (17)
2014/04/29 18:25:57 [trace] [system.db.ar.CActiveRecord] Userinfo.find()
in /var/www/jiaoyou/protected/components/QQ.php (8)
in /var/www/jiaoyou/protected/modules/home/components/CHomeController.php (17)
in /var/www/jiaoyou/index.php (18)
2014/04/29 18:25:57 [trace] [system.db.CDbCommand] Querying SQL: SELECT valid FROM `love_userinfo` `t` WHERE qqnum=157581768 LIMIT 1
in /var/www/jiaoyou/protected/components/QQ.php (8)
in /var/www/jiaoyou/protected/modules/home/components/CHomeController.php (17)
in /var/www/jiaoyou/index.php (18)
2014/04/29 18:25:57 [trace] [system.db.ar.CActiveRecord] Userinfo.find()
in /var/www/jiaoyou/protected/modules/home/controllers/HomeController.php (22)
in /var/www/jiaoyou/protected/modules/home/controllers/HomeController.php (45)
in /var/www/jiaoyou/protected/modules/home/controllers/HomeController.php (49)
2014/04/29 18:25:57 [trace] [system.db.CDbCommand] Querying SQL: SELECT id,nickname,age,location,sex,photo,height,profession,introduce,request FROM `love_userinfo` `t` WHERE id=1 LIMIT 1
in /var/www/jiaoyou/protected/modules/home/controllers/HomeController.php (22)
in /var/www/jiaoyou/protected/modules/home/controllers/HomeController.php (45)
in /var/www/jiaoyou/protected/modules/home/controllers/HomeController.php (49)
2014/04/29 18:25:57 [trace] [system.CModule] Loading "coreMessages" application component
in /var/www/jiaoyou/protected/modules/home/controllers/HomeController.php (58)
in /var/www/jiaoyou/protected/modules/home/controllers/HomeController.php (58)
in /var/www/jiaoyou/index.php (18)
2014/04/29 18:25:57 [error] [exception.CException] exception 'CException' with message 'HomeController and its behaviors do not have a method or closure named "location".' in /data/php/framework/core/CComponent.php:266
Stack trace:
#0 /var/www/jiaoyou/protected/modules/home/controllers/HomeController.php(58): CComponent->__call('location', Array)
#1 /var/www/jiaoyou/protected/modules/home/controllers/HomeController.php(58): HomeController->location('2')
#2 [internal function]: HomeController->actionShowinfo('1')
#3 /data/php/framework/core/web/actions/CAction.php(107): ReflectionMethod->invokeArgs(Object(HomeController), Array)
#4 /data/php/framework/core/web/actions/CInlineAction.php(48): CAction->runWithParamsInternal(Object(HomeController), Object(ReflectionMethod), Array)
#5 /data/php/framework/core/web/CController.php(308): CInlineAction->runWithParams(Array)
#6 /data/php/framework/core/web/CController.php(286): CController->runAction(Object(CInlineAction))
#7 /data/php/framework/core/web/CController.php(265): CController->runActionWithFilters(Object(CInlineAction), NULL)
#8 /data/php/framework/core/web/CWebApplication.php(283): CController->run('showinfo')
#9 /data/php/framework/core/web/CWebApplication.php(142): CWebApplication->runController('home/home/showi...')
#10 /data/php/framework/core/CApplication.php(160): CWebApplication->processRequest()
#11 /var/www/jiaoyou/index.php(18): CApplication->run()
#12 {main}
REQUEST_URI=/home/home/showinfo?id=1
HTTP_REFERER=http://jiaoyou.qq.com/home/home/home
2014/04/29 18:25:57 [trace] [system.CModule] Loading "errorHandler" application component
2014/04/29 18:26:21 [trace] [system.CModule] Loading "log" application component
in /var/www/jiaoyou/index.php (18)
2014/04/29 18:26:21 [trace] [system.CModule] Loading "request" application component
in /var/www/jiaoyou/index.php (18)
2014/04/29 18:26:21 [trace] [system.CModule] Loading "urlManager" application component
in /var/www/jiaoyou/index.php (18)
2014/04/29 18:26:21 [trace] [system.base.CModule] Loading "home" module
in /var/www/jiaoyou/index.php (18)
2014/04/29 18:26:21 [trace] [system.CModule] Loading "db" application component
in /var/www/jiaoyou/protected/models/Userinfo.php (11)
in /var/www/jiaoyou/protected/components/QQ.php (5)
in /var/www/jiaoyou/protected/modules/home/components/CHomeController.php (17)
2014/04/29 18:26:21 [trace] [system.db.CDbCommand] Querying SQL: SHOW COLUMNS FROM `love_userinfo`
in /var/www/jiaoyou/protected/models/Userinfo.php (11)
in /var/www/jiaoyou/protected/components/QQ.php (5)
in /var/www/jiaoyou/protected/modules/home/components/CHomeController.php (17)
2014/04/29 18:26:21 [trace] [system.db.CDbConnection] Opening DB:master connection
in /var/www/jiaoyou/protected/models/Userinfo.php (11)
in /var/www/jiaoyou/protected/components/QQ.php (5)
in /var/www/jiaoyou/protected/modules/home/components/CHomeController.php (17)
2014/04/29 18:26:21 [trace] [system.CModule] Loading "nameService" application component
in /var/www/jiaoyou/protected/models/Userinfo.php (11)
in /var/www/jiaoyou/protected/components/QQ.php (5)
in /var/www/jiaoyou/protected/modules/home/components/CHomeController.php (17)
2014/04/29 18:26:21 [trace] [system.db.CDbCommand] Querying SQL: SHOW CREATE TABLE `love_userinfo`
in /var/www/jiaoyou/protected/models/Userinfo.php (11)
in /var/www/jiaoyou/protected/components/QQ.php (5)
in /var/www/jiaoyou/protected/modules/home/components/CHomeController.php (17)
2014/04/29 18:26:21 [trace] [system.db.ar.CActiveRecord] Userinfo.find()
in /var/www/jiaoyou/protected/components/QQ.php (8)
in /var/www/jiaoyou/protected/modules/home/components/CHomeController.php (17)
in /var/www/jiaoyou/index.php (18)
2014/04/29 18:26:21 [trace] [system.db.CDbCommand] Querying SQL: SELECT valid FROM `love_userinfo` `t` WHERE qqnum=157581768 LIMIT 1
in /var/www/jiaoyou/protected/components/QQ.php (8)
in /var/www/jiaoyou/protected/modules/home/components/CHomeController.php (17)
in /var/www/jiaoyou/index.php (18)
2014/04/29 18:26:21 [trace] [system.db.ar.CActiveRecord] Userinfo.find()
in /var/www/jiaoyou/protected/modules/home/controllers/HomeController.php (22)
in /var/www/jiaoyou/protected/modules/home/controllers/HomeController.php (45)
in /var/www/jiaoyou/protected/modules/home/controllers/HomeController.php (49)
2014/04/29 18:26:21 [trace] [system.db.CDbCommand] Querying SQL: SELECT id,nickname,age,location,sex,photo,height,profession,introduce,request FROM `love_userinfo` `t` WHERE id=1 LIMIT 1
in /var/www/jiaoyou/protected/modules/home/controllers/HomeController.php (22)
in /var/www/jiaoyou/protected/modules/home/controllers/HomeController.php (45)
in /var/www/jiaoyou/protected/modules/home/controllers/HomeController.php (49)
2014/04/29 18:26:21 [trace] [system.CModule] Loading "coreMessages" application component
in /var/www/jiaoyou/protected/modules/home/controllers/HomeController.php (58)
in /var/www/jiaoyou/protected/modules/home/controllers/HomeController.php (58)
in /var/www/jiaoyou/index.php (18)
2014/04/29 18:26:21 [error] [exception.CException] exception 'CException' with message 'HomeController and its behaviors do not have a method or closure named "location".' in /data/php/framework/core/CComponent.php:266
Stack trace:
#0 /var/www/jiaoyou/protected/modules/home/controllers/HomeController.php(58): CComponent->__call('location', Array)
#1 /var/www/jiaoyou/protected/modules/home/controllers/HomeController.php(58): HomeController->location('2')
#2 [internal function]: HomeController->actionShowinfo('1')
#3 /data/php/framework/core/web/actions/CAction.php(107): ReflectionMethod->invokeArgs(Object(HomeController), Array)
#4 /data/php/framework/core/web/actions/CInlineAction.php(48): CAction->runWithParamsInternal(Object(HomeController), Object(ReflectionMethod), Array)
#5 /data/php/framework/core/web/CController.php(308): CInlineAction->runWithParams(Array)
#6 /data/php/framework/core/web/CController.php(286): CController->runAction(Object(CInlineAction))
#7 /data/php/framework/core/web/CController.php(265): CController->runActionWithFilters(Object(CInlineAction), NULL)
#8 /data/php/framework/core/web/CWebApplication.php(283): CController->run('showinfo')
#9 /data/php/framework/core/web/CWebApplication.php(142): CWebApplication->runController('home/home/showi...')
#10 /data/php/framework/core/CApplication.php(160): CWebApplication->processRequest()
#11 /var/www/jiaoyou/index.php(18): CApplication->run()
#12 {main}
REQUEST_URI=/home/home/showinfo?id=1
HTTP_REFERER=http://jiaoyou.qq.com/home/home/home
2014/04/29 18:26:21 [trace] [system.CModule] Loading "errorHandler" application component
2014/04/29 18:26:21 [trace] [system.CModule] Loading "log" application component
in /var/www/jiaoyou/index.php (18)
2014/04/29 18:26:21 [trace] [system.CModule] Loading "request" application component
in /var/www/jiaoyou/index.php (18)
2014/04/29 18:26:21 [trace] [system.CModule] Loading "urlManager" application component
in /var/www/jiaoyou/index.php (18)
2014/04/29 18:26:21 [trace] [system.base.CModule] Loading "home" module
in /var/www/jiaoyou/index.php (18)
2014/04/29 18:26:21 [trace] [system.CModule] Loading "db" application component
in /var/www/jiaoyou/protected/models/Userinfo.php (11)
in /var/www/jiaoyou/protected/components/QQ.php (5)
in /var/www/jiaoyou/protected/modules/home/components/CHomeController.php (17)
2014/04/29 18:26:21 [trace] [system.db.CDbCommand] Querying SQL: SHOW COLUMNS FROM `love_userinfo`
in /var/www/jiaoyou/protected/models/Userinfo.php (11)
in /var/www/jiaoyou/protected/components/QQ.php (5)
in /var/www/jiaoyou/protected/modules/home/components/CHomeController.php (17)
2014/04/29 18:26:21 [trace] [system.db.CDbConnection] Opening DB:master connection
in /var/www/jiaoyou/protected/models/Userinfo.php (11)
in /var/www/jiaoyou/protected/components/QQ.php (5)
in /var/www/jiaoyou/protected/modules/home/components/CHomeController.php (17)
2014/04/29 18:26:21 [trace] [system.CModule] Loading "nameService" application component
in /var/www/jiaoyou/protected/models/Userinfo.php (11)
in /var/www/jiaoyou/protected/components/QQ.php (5)
in /var/www/jiaoyou/protected/modules/home/components/CHomeController.php (17)
2014/04/29 18:26:21 [trace] [system.db.CDbCommand] Querying SQL: SHOW CREATE TABLE `love_userinfo`
in /var/www/jiaoyou/protected/models/Userinfo.php (11)
in /var/www/jiaoyou/protected/components/QQ.php (5)
in /var/www/jiaoyou/protected/modules/home/components/CHomeController.php (17)
2014/04/29 18:26:21 [trace] [system.db.ar.CActiveRecord] Userinfo.find()
in /var/www/jiaoyou/protected/components/QQ.php (8)
in /var/www/jiaoyou/protected/modules/home/components/CHomeController.php (17)
in /var/www/jiaoyou/index.php (18)
2014/04/29 18:26:21 [trace] [system.db.CDbCommand] Querying SQL: SELECT valid FROM `love_userinfo` `t` WHERE qqnum=157581768 LIMIT 1
in /var/www/jiaoyou/protected/components/QQ.php (8)
in /var/www/jiaoyou/protected/modules/home/components/CHomeController.php (17)
in /var/www/jiaoyou/index.php (18)
2014/04/29 18:26:21 [trace] [system.db.ar.CActiveRecord] Userinfo.find()
in /var/www/jiaoyou/protected/modules/home/controllers/HomeController.php (22)
in /var/www/jiaoyou/protected/modules/home/controllers/HomeController.php (45)
in /var/www/jiaoyou/protected/modules/home/controllers/HomeController.php (49)
2014/04/29 18:26:21 [trace] [system.db.CDbCommand] Querying SQL: SELECT id,nickname,age,location,sex,photo,height,profession,introduce,request FROM `love_userinfo` `t` WHERE id=1 LIMIT 1
in /var/www/jiaoyou/protected/modules/home/controllers/HomeController.php (22)
in /var/www/jiaoyou/protected/modules/home/controllers/HomeController.php (45)
in /var/www/jiaoyou/protected/modules/home/controllers/HomeController.php (49)
2014/04/29 18:26:21 [trace] [system.CModule] Loading "coreMessages" application component
in /var/www/jiaoyou/protected/modules/home/controllers/HomeController.php (58)
in /var/www/jiaoyou/protected/modules/home/controllers/HomeController.php (58)
in /var/www/jiaoyou/index.php (18)
2014/04/29 18:26:21 [error] [exception.CException] exception 'CException' with message 'HomeController and its behaviors do not have a method or closure named "location".' in /data/php/framework/core/CComponent.php:266
Stack trace:
#0 /var/www/jiaoyou/protected/modules/home/controllers/HomeController.php(58): CComponent->__call('location', Array)
#1 /var/www/jiaoyou/protected/modules/home/controllers/HomeController.php(58): HomeController->location('2')
#2 [internal function]: HomeController->actionShowinfo('1')
#3 /data/php/framework/core/web/actions/CAction.php(107): ReflectionMethod->invokeArgs(Object(HomeController), Array)
#4 /data/php/framework/core/web/actions/CInlineAction.php(48): CAction->runWithParamsInternal(Object(HomeController), Object(ReflectionMethod), Array)
#5 /data/php/framework/core/web/CController.php(308): CInlineAction->runWithParams(Array)
#6 /data/php/framework/core/web/CController.php(286): CController->runAction(Object(CInlineAction))
#7 /data/php/framework/core/web/CController.php(265): CController->runActionWithFilters(Object(CInlineAction), NULL)
#8 /data/php/framework/core/web/CWebApplication.php(283): CController->run('showinfo')
#9 /data/php/framework/core/web/CWebApplication.php(142): CWebApplication->runController('home/home/showi...')
#10 /data/php/framework/core/CApplication.php(160): CWebApplication->processRequest()
#11 /var/www/jiaoyou/index.php(18): CApplication->run()
#12 {main}
REQUEST_URI=/home/home/showinfo?id=1
HTTP_REFERER=http://jiaoyou.qq.com/home/home/home
2014/04/29 18:26:21 [trace] [system.CModule] Loading "errorHandler" application component
